2018-09-06 15:31:58,051 [vivoX9] DEBUG [gby.testng.testcase.InitDriverCase.f() Line: 38] - deviceName: vivoX9
2018-09-06 15:31:58,212 [vivoX9] DEBUG [gby.appium.utils.CommandPromptUtil.getBufferedReader() Line: 84] - 执行命令：[cmd, /c, adb connect 192.168.20.159:5555]
2018-09-06 15:31:58,318 [vivoX9] DEBUG [gby.appium.utils.CommandPromptUtil.runCommandThruProcess() Line: 41] - 命令结果：already connected to 192.168.20.159:5555
2018-09-06 15:32:31,600 [vivoX9] INFO  [gby.appium.deviceM.InitDrvier.<init>() Line: 83] - AndroidDriver初始化完成，打开app成功
2018-09-06 15:32:31,605 [vivoX9] INFO  [gby.appium.listern.TestNGListener.onTestSuccess() Line: 41] - 【f】测试用例执行成功
2018-09-06 15:32:31,608 [vivoX9] INFO  [gby.appium.listern.TestNGListener.onTestStart() Line: 34] - 【intoPublisPostPage】测试用例开始执行
2018-09-06 15:32:32,052 [vivoX9] INFO  [gby.appium.page.BasePage.findEleBy() Line: 137] - 【findRoommateButton】暂未找到，轮询中...
2018-09-06 15:32:32,606 [vivoX9] INFO  [gby.appium.page.BasePage.findEleBy() Line: 137] - 【findRoommateButton】暂未找到，轮询中...
2018-09-06 15:32:33,175 [vivoX9] INFO  [gby.appium.page.BasePage.findEleBy() Line: 137] - 【findRoommateButton】暂未找到，轮询中...
2018-09-06 15:32:33,741 [vivoX9] INFO  [gby.appium.page.BasePage.findEleBy() Line: 137] - 【findRoommateButton】暂未找到，轮询中...
2018-09-06 15:32:35,001 [vivoX9] INFO  [gby.appium.page.BasePage.findEleBy() Line: 135] - 【findRoommateButton】识别成功
2018-09-06 15:32:35,831 [vivoX9] INFO  [gby.appium.page.BasePage.findEleBy() Line: 135] - 【publishIcon】识别成功
2018-09-06 15:32:36,013 [vivoX9] INFO  [gby.appium.page.BasePage.findEleBy() Line: 137] - 【hasntRoomButton】暂未找到，轮询中...
2018-09-06 15:32:37,406 [vivoX9] INFO  [gby.appium.page.BasePage.findEleBy() Line: 135] - 【hasntRoomButton】识别成功
2018-09-06 15:32:37,499 [vivoX9] DEBUG [gby.appium.utils.CommandPromptUtil.getBufferedReader() Line: 84] - 执行命令：[cmd, /c, adb -s 192.168.20.159:5555 shell dumpsys window | findstr mCurrentFocus]
2018-09-06 15:32:37,758 [vivoX9] DEBUG [gby.appium.utils.CommandPromptUtil.runCommandThruProcess() Line: 41] - 命令结果：  mCurrentFocus=Window{f36186c u0 com.loulifang.house/com.loulifang.house.activities.LoginActivity}
2018-09-06 15:32:38,749 [vivoX9] INFO  [gby.appium.page.BasePage.findEleBy() Line: 135] - 【userName】识别成功
2018-09-06 15:32:40,422 [vivoX9] INFO  [gby.appium.page.BasePage.findEleBy() Line: 135] - 【password】识别成功
2018-09-06 15:32:41,530 [vivoX9] INFO  [gby.appium.page.BasePage.findEleBy() Line: 137] - 【loginButton】暂未找到，轮询中...
2018-09-06 15:32:42,087 [vivoX9] INFO  [gby.appium.page.BasePage.findEleBy() Line: 137] - 【loginButton】暂未找到，轮询中...
2018-09-06 15:32:42,627 [vivoX9] INFO  [gby.appium.page.BasePage.findEleBy() Line: 137] - 【loginButton】暂未找到，轮询中...
2018-09-06 15:32:43,396 [vivoX9] INFO  [gby.appium.page.BasePage.findEleBy() Line: 137] - 【loginButton】暂未找到，轮询中...
2018-09-06 15:32:43,939 [vivoX9] INFO  [gby.appium.page.BasePage.findEleBy() Line: 137] - 【loginButton】暂未找到，轮询中...
2018-09-06 15:32:44,480 [vivoX9] INFO  [gby.appium.page.BasePage.findEleBy() Line: 137] - 【loginButton】暂未找到，轮询中...
2018-09-06 15:32:45,025 [vivoX9] INFO  [gby.appium.page.BasePage.findEleBy() Line: 137] - 【loginButton】暂未找到，轮询中...
2018-09-06 15:32:45,570 [vivoX9] INFO  [gby.appium.page.BasePage.findEleBy() Line: 137] - 【loginButton】暂未找到，轮询中...
2018-09-06 15:32:46,403 [vivoX9] INFO  [gby.appium.page.BasePage.findEleBy() Line: 137] - 【loginButton】暂未找到，轮询中...
2018-09-06 15:32:46,948 [vivoX9] INFO  [gby.appium.page.BasePage.findEleBy() Line: 137] - 【loginButton】暂未找到，轮询中...
2018-09-06 15:32:47,489 [vivoX9] INFO  [gby.appium.page.BasePage.findEleBy() Line: 137] - 【loginButton】暂未找到，轮询中...
2018-09-06 15:32:48,035 [vivoX9] INFO  [gby.appium.page.BasePage.findEleBy() Line: 137] - 【loginButton】暂未找到，轮询中...
2018-09-06 15:32:48,663 [vivoX9] INFO  [gby.appium.page.BasePage.findEleBy() Line: 137] - 【loginButton】暂未找到，轮询中...
2018-09-06 15:32:49,402 [vivoX9] INFO  [gby.appium.page.BasePage.findEleBy() Line: 137] - 【loginButton】暂未找到，轮询中...
2018-09-06 15:32:49,943 [vivoX9] INFO  [gby.appium.page.BasePage.findEleBy() Line: 137] - 【loginButton】暂未找到，轮询中...
2018-09-06 15:32:50,559 [vivoX9] INFO  [gby.appium.page.BasePage.findEleBy() Line: 137] - 【loginButton】暂未找到，轮询中...
2018-09-06 15:32:51,109 [vivoX9] INFO  [gby.appium.page.BasePage.findEleBy() Line: 137] - 【loginButton】暂未找到，轮询中...
2018-09-06 15:32:51,705 [vivoX9] INFO  [gby.appium.page.BasePage.findEleBy() Line: 137] - 【loginButton】暂未找到，轮询中...
2018-09-06 15:32:52,404 [vivoX9] INFO  [gby.appium.page.BasePage.findEleBy() Line: 137] - 【loginButton】暂未找到，轮询中...
2018-09-06 15:32:52,942 [vivoX9] INFO  [gby.appium.page.BasePage.findEleBy() Line: 137] - 【loginButton】暂未找到，轮询中...
2018-09-06 15:32:53,483 [vivoX9] INFO  [gby.appium.page.BasePage.findEleBy() Line: 137] - 【loginButton】暂未找到，轮询中...
2018-09-06 15:32:54,042 [vivoX9] INFO  [gby.appium.page.BasePage.findEleBy() Line: 137] - 【loginButton】暂未找到，轮询中...
2018-09-06 15:32:54,641 [vivoX9] INFO  [gby.appium.page.BasePage.findEleBy() Line: 137] - 【loginButton】暂未找到，轮询中...
2018-09-06 15:32:55,308 [vivoX9] INFO  [gby.appium.page.BasePage.findEleBy() Line: 137] - 【loginButton】暂未找到，轮询中...
2018-09-06 15:32:55,868 [vivoX9] INFO  [gby.appium.page.BasePage.findEleBy() Line: 137] - 【loginButton】暂未找到，轮询中...
2018-09-06 15:32:56,404 [vivoX9] INFO  [gby.appium.page.BasePage.findEleBy() Line: 137] - 【loginButton】暂未找到，轮询中...
2018-09-06 15:32:56,405 [vivoX9] ERROR [gby.appium.page.BasePage.findElement() Line: 93] - 【loginButton】识别失败：识别超时
2018-09-06 15:32:56,406 [vivoX9] INFO  [gby.appium.listern.TestngRetry.retry() Line: 21] - 测试类：'gby.appium.listern.TestngRetry' 中的测试方法：'intoPublisPostPage' 执行失败，重试第 1 次
2018-09-06 15:32:56,417 [vivoX9] ERROR [gby.appium.listern.TestNGListener.onTestSkipped() Line: 59] - 【intoPublisPostPage】测试用例被跳过
2018-09-06 15:32:57,490 [vivoX9] INFO  [gby.appium.page.BasePage.findElesBy() Line: 170] - 【homePageButton】未找到，识别失败,元素list长度为0
2018-09-06 15:32:57,491 [vivoX9] INFO  [gby.appium.page.BasePage.backToHome() Line: 261] - 正在返回首页...
2018-09-06 15:32:57,669 [vivoX9] INFO  [gby.appium.page.BasePage.findElesBy() Line: 170] - 【homePageButton】未找到，识别失败,元素list长度为0
2018-09-06 15:32:57,669 [vivoX9] INFO  [gby.appium.page.BasePage.backToHome() Line: 261] - 正在返回首页...
2018-09-06 15:32:58,834 [vivoX9] INFO  [gby.appium.page.BasePage.findElesBy() Line: 168] - 【homePageButton】识别成功
2018-09-06 15:32:58,835 [vivoX9] INFO  [gby.appium.page.BasePage.backToHome() Line: 261] - 正在返回首页...
2018-09-06 15:32:58,836 [vivoX9] INFO  [gby.appium.page.BasePage.backToHome() Line: 263] - 已返回首页
2018-09-06 15:32:58,839 [vivoX9] INFO  [gby.appium.listern.TestNGListener.onTestStart() Line: 34] - 【intoPublisPostPage】测试用例开始执行
2018-09-06 15:32:59,670 [vivoX9] INFO  [gby.appium.page.BasePage.findEleBy() Line: 135] - 【findRoommateButton】识别成功
2018-09-06 15:33:00,297 [vivoX9] INFO  [gby.appium.page.BasePage.findEleBy() Line: 135] - 【publishIcon】识别成功
2018-09-06 15:33:00,489 [vivoX9] INFO  [gby.appium.page.BasePage.findEleBy() Line: 137] - 【hasntRoomButton】暂未找到，轮询中...
2018-09-06 15:33:01,422 [vivoX9] INFO  [gby.appium.page.BasePage.findEleBy() Line: 135] - 【hasntRoomButton】识别成功
2018-09-06 15:33:01,510 [vivoX9] DEBUG [gby.appium.utils.CommandPromptUtil.getBufferedReader() Line: 84] - 执行命令：[cmd, /c, adb -s 192.168.20.159:5555 shell dumpsys window | findstr mCurrentFocus]
2018-09-06 15:33:01,713 [vivoX9] DEBUG [gby.appium.utils.CommandPromptUtil.runCommandThruProcess() Line: 41] - 命令结果：  mCurrentFocus=Window{ddf0e71 u0 com.loulifang.house/com.loulifang.house.activities.LoginActivity}
2018-09-06 15:33:02,708 [vivoX9] INFO  [gby.appium.page.BasePage.findEleBy() Line: 135] - 【userName】识别成功
2018-09-06 15:33:04,979 [vivoX9] INFO  [gby.appium.page.BasePage.findEleBy() Line: 135] - 【password】识别成功
2018-09-06 15:33:06,105 [vivoX9] INFO  [gby.appium.page.BasePage.findEleBy() Line: 135] - 【loginButton】识别成功
2018-09-06 15:33:08,166 [vivoX9] INFO  [gby.appium.page.BasePage.findEleBy() Line: 135] - 【hasntRoomButton】识别成功
2018-09-06 15:33:08,210 [vivoX9] INFO  [gby.appium.page.BasePage.findEleBy() Line: 135] - 【hasntRoomButton】识别成功
2018-09-06 15:33:08,363 [vivoX9] INFO  [gby.appium.page.BasePage.findEleBy() Line: 137] - 【titleInput】暂未找到，轮询中...
2018-09-06 15:33:09,395 [vivoX9] INFO  [gby.appium.page.BasePage.findEleBy() Line: 135] - 【titleInput】识别成功
2018-09-06 15:33:09,397 [vivoX9] INFO  [gby.appium.listern.TestNGListener.onTestSuccess() Line: 41] - 【intoPublisPostPage】测试用例执行成功
2018-09-06 15:33:09,403 [vivoX9] ERROR [gby.appium.listern.TestNGListener.onTestSkipped() Line: 59] - 【publishRoom】测试用例被跳过
2018-09-06 15:33:09,542 [vivoX9] INFO  [gby.appium.page.BasePage.findElesBy() Line: 170] - 【homePageButton】未找到，识别失败,元素list长度为0
2018-09-06 15:33:09,543 [vivoX9] INFO  [gby.appium.page.BasePage.backToHome() Line: 261] - 正在返回首页...
2018-09-06 15:33:11,094 [vivoX9] INFO  [gby.appium.page.BasePage.findElesBy() Line: 168] - 【homePageButton】识别成功
2018-09-06 15:33:11,094 [vivoX9] INFO  [gby.appium.page.BasePage.backToHome() Line: 261] - 正在返回首页...
2018-09-06 15:33:11,095 [vivoX9] INFO  [gby.appium.page.BasePage.backToHome() Line: 263] - 已返回首页
2018-09-06 15:33:11,206 [vivoX9] INFO  [gby.appium.page.BasePage.findEleBy() Line: 137] - 【myPostButton】暂未找到，轮询中...
2018-09-06 15:33:11,787 [vivoX9] INFO  [gby.appium.page.BasePage.findEleBy() Line: 137] - 【myPostButton】暂未找到，轮询中...
2018-09-06 15:33:12,349 [vivoX9] INFO  [gby.appium.page.BasePage.findEleBy() Line: 137] - 【myPostButton】暂未找到，轮询中...
2018-09-06 15:33:13,468 [vivoX9] INFO  [gby.appium.page.BasePage.findEleBy() Line: 137] - 【myPostButton】暂未找到，轮询中...
2018-09-06 15:33:14,058 [vivoX9] INFO  [gby.appium.page.BasePage.findEleBy() Line: 137] - 【myPostButton】暂未找到，轮询中...
2018-09-06 15:33:14,880 [vivoX9] INFO  [gby.appium.page.BasePage.findEleBy() Line: 137] - 【myPostButton】暂未找到，轮询中...
2018-09-06 15:33:15,453 [vivoX9] INFO  [gby.appium.page.BasePage.findEleBy() Line: 137] - 【myPostButton】暂未找到，轮询中...
2018-09-06 15:33:16,441 [vivoX9] INFO  [gby.appium.page.BasePage.findEleBy() Line: 137] - 【myPostButton】暂未找到，轮询中...
2018-09-06 15:33:17,039 [vivoX9] INFO  [gby.appium.page.BasePage.findEleBy() Line: 137] - 【myPostButton】暂未找到，轮询中...
2018-09-06 15:33:17,736 [vivoX9] INFO  [gby.appium.page.BasePage.findEleBy() Line: 137] - 【myPostButton】暂未找到，轮询中...
2018-09-06 15:33:18,315 [vivoX9] INFO  [gby.appium.page.BasePage.findEleBy() Line: 137] - 【myPostButton】暂未找到，轮询中...
2018-09-06 15:33:19,460 [vivoX9] INFO  [gby.appium.page.BasePage.findEleBy() Line: 137] - 【myPostButton】暂未找到，轮询中...
2018-09-06 15:33:20,037 [vivoX9] INFO  [gby.appium.page.BasePage.findEleBy() Line: 137] - 【myPostButton】暂未找到，轮询中...
2018-09-06 15:33:20,671 [vivoX9] INFO  [gby.appium.page.BasePage.findEleBy() Line: 137] - 【myPostButton】暂未找到，轮询中...
2018-09-06 15:33:21,247 [vivoX9] INFO  [gby.appium.page.BasePage.findEleBy() Line: 137] - 【myPostButton】暂未找到，轮询中...
2018-09-06 15:33:21,804 [vivoX9] INFO  [gby.appium.page.BasePage.findEleBy() Line: 137] - 【myPostButton】暂未找到，轮询中...
2018-09-06 15:33:22,367 [vivoX9] INFO  [gby.appium.page.BasePage.findEleBy() Line: 137] - 【myPostButton】暂未找到，轮询中...
2018-09-06 15:33:22,934 [vivoX9] INFO  [gby.appium.page.BasePage.findEleBy() Line: 137] - 【myPostButton】暂未找到，轮询中...
2018-09-06 15:33:23,586 [vivoX9] INFO  [gby.appium.page.BasePage.findEleBy() Line: 137] - 【myPostButton】暂未找到，轮询中...
2018-09-06 15:33:24,175 [vivoX9] INFO  [gby.appium.page.BasePage.findEleBy() Line: 137] - 【myPostButton】暂未找到，轮询中...
2018-09-06 15:33:24,749 [vivoX9] INFO  [gby.appium.page.BasePage.findEleBy() Line: 137] - 【myPostButton】暂未找到，轮询中...
2018-09-06 15:33:25,455 [vivoX9] INFO  [gby.appium.page.BasePage.findEleBy() Line: 137] - 【myPostButton】暂未找到，轮询中...
2018-09-06 15:33:26,022 [vivoX9] INFO  [gby.appium.page.BasePage.findEleBy() Line: 137] - 【myPostButton】暂未找到，轮询中...
2018-09-06 15:33:26,594 [vivoX9] INFO  [gby.appium.page.BasePage.findEleBy() Line: 137] - 【myPostButton】暂未找到，轮询中...
2018-09-06 15:33:26,595 [vivoX9] ERROR [gby.appium.page.BasePage.findElement() Line: 93] - 【myPostButton】识别失败：识别超时
2018-09-06 15:33:26,630 [vivoX9] INFO  [gby.appium.listern.TestNGListener.onFinish() Line: 66] - 测试执行完毕
2018-09-06 15:33:46,124 [vivoX9] DEBUG [gby.testng.testcase.InitDriverCase.f() Line: 38] - deviceName: vivoX9
2018-09-06 15:33:46,288 [vivoX9] DEBUG [gby.appium.utils.CommandPromptUtil.getBufferedReader() Line: 84] - 执行命令：[cmd, /c, adb connect 192.168.20.159:5555]
2018-09-06 15:33:46,387 [vivoX9] DEBUG [gby.appium.utils.CommandPromptUtil.runCommandThruProcess() Line: 41] - 命令结果：already connected to 192.168.20.159:5555
2018-09-06 15:34:19,592 [vivoX9] INFO  [gby.appium.deviceM.InitDrvier.<init>() Line: 83] - AndroidDriver初始化完成，打开app成功
2018-09-06 15:34:19,597 [vivoX9] INFO  [gby.appium.listern.TestNGListener.onTestSuccess() Line: 41] - 【f】测试用例执行成功
2018-09-06 15:34:19,600 [vivoX9] INFO  [gby.appium.listern.TestNGListener.onTestStart() Line: 34] - 【intoPublisPostPage】测试用例开始执行
2018-09-06 15:34:19,955 [vivoX9] INFO  [gby.appium.page.BasePage.findEleBy() Line: 137] - 【findRoommateButton】暂未找到，轮询中...
2018-09-06 15:34:20,505 [vivoX9] INFO  [gby.appium.page.BasePage.findEleBy() Line: 137] - 【findRoommateButton】暂未找到，轮询中...
2018-09-06 15:34:21,068 [vivoX9] INFO  [gby.appium.page.BasePage.findEleBy() Line: 137] - 【findRoommateButton】暂未找到，轮询中...
2018-09-06 15:34:21,631 [vivoX9] INFO  [gby.appium.page.BasePage.findEleBy() Line: 137] - 【findRoommateButton】暂未找到，轮询中...
2018-09-06 15:34:22,810 [vivoX9] INFO  [gby.appium.page.BasePage.findEleBy() Line: 135] - 【findRoommateButton】识别成功
2018-09-06 15:34:23,661 [vivoX9] INFO  [gby.appium.page.BasePage.findEleBy() Line: 135] - 【publishIcon】识别成功
2018-09-06 15:34:23,885 [vivoX9] INFO  [gby.appium.page.BasePage.findEleBy() Line: 137] - 【hasntRoomButton】暂未找到，轮询中...
2018-09-06 15:34:24,799 [vivoX9] INFO  [gby.appium.page.BasePage.findEleBy() Line: 135] - 【hasntRoomButton】识别成功
2018-09-06 15:34:24,879 [vivoX9] DEBUG [gby.appium.utils.CommandPromptUtil.getBufferedReader() Line: 84] - 执行命令：[cmd, /c, adb -s 192.168.20.159:5555 shell dumpsys window | findstr mCurrentFocus]
2018-09-06 15:34:25,140 [vivoX9] DEBUG [gby.appium.utils.CommandPromptUtil.runCommandThruProcess() Line: 41] - 命令结果：  mCurrentFocus=Window{c716a0c u0 com.loulifang.house/com.loulifang.house.activities.LoginActivity}
2018-09-06 15:34:26,133 [vivoX9] INFO  [gby.appium.page.BasePage.findEleBy() Line: 135] - 【userName】识别成功
2018-09-06 15:34:27,663 [vivoX9] INFO  [gby.appium.page.BasePage.findEleBy() Line: 135] - 【password】识别成功
2018-09-06 15:34:29,010 [vivoX9] INFO  [gby.appium.page.BasePage.findEleBy() Line: 137] - 【loginButton】暂未找到，轮询中...
2018-09-06 15:34:29,558 [vivoX9] INFO  [gby.appium.page.BasePage.findEleBy() Line: 137] - 【loginButton】暂未找到，轮询中...
2018-09-06 15:34:30,095 [vivoX9] INFO  [gby.appium.page.BasePage.findEleBy() Line: 137] - 【loginButton】暂未找到，轮询中...
2018-09-06 15:34:30,651 [vivoX9] INFO  [gby.appium.page.BasePage.findEleBy() Line: 137] - 【loginButton】暂未找到，轮询中...
2018-09-06 15:34:31,491 [vivoX9] INFO  [gby.appium.page.BasePage.findEleBy() Line: 137] - 【loginButton】暂未找到，轮询中...
2018-09-06 15:34:32,035 [vivoX9] INFO  [gby.appium.page.BasePage.findEleBy() Line: 137] - 【loginButton】暂未找到，轮询中...
2018-09-06 15:34:32,584 [vivoX9] INFO  [gby.appium.page.BasePage.findEleBy() Line: 137] - 【loginButton】暂未找到，轮询中...
2018-09-06 15:34:33,120 [vivoX9] INFO  [gby.appium.page.BasePage.findEleBy() Line: 137] - 【loginButton】暂未找到，轮询中...
2018-09-06 15:34:33,663 [vivoX9] INFO  [gby.appium.page.BasePage.findEleBy() Line: 137] - 【loginButton】暂未找到，轮询中...
2018-09-06 15:34:34,482 [vivoX9] INFO  [gby.appium.page.BasePage.findEleBy() Line: 137] - 【loginButton】暂未找到，轮询中...
2018-09-06 15:34:35,024 [vivoX9] INFO  [gby.appium.page.BasePage.findEleBy() Line: 137] - 【loginButton】暂未找到，轮询中...
2018-09-06 15:34:35,562 [vivoX9] INFO  [gby.appium.page.BasePage.findEleBy() Line: 137] - 【loginButton】暂未找到，轮询中...
2018-09-06 15:34:36,106 [vivoX9] INFO  [gby.appium.page.BasePage.findEleBy() Line: 137] - 【loginButton】暂未找到，轮询中...
2018-09-06 15:34:36,647 [vivoX9] INFO  [gby.appium.page.BasePage.findEleBy() Line: 137] - 【loginButton】暂未找到，轮询中...
2018-09-06 15:34:37,379 [vivoX9] INFO  [gby.appium.page.BasePage.findEleBy() Line: 137] - 【loginButton】暂未找到，轮询中...
2018-09-06 15:34:38,030 [vivoX9] INFO  [gby.appium.page.BasePage.findEleBy() Line: 137] - 【loginButton】暂未找到，轮询中...
2018-09-06 15:34:38,571 [vivoX9] INFO  [gby.appium.page.BasePage.findEleBy() Line: 137] - 【loginButton】暂未找到，轮询中...
2018-09-06 15:34:39,106 [vivoX9] INFO  [gby.appium.page.BasePage.findEleBy() Line: 137] - 【loginButton】暂未找到，轮询中...
2018-09-06 15:34:39,641 [vivoX9] INFO  [gby.appium.page.BasePage.findEleBy() Line: 137] - 【loginButton】暂未找到，轮询中...
2018-09-06 15:34:40,492 [vivoX9] INFO  [gby.appium.page.BasePage.findEleBy() Line: 137] - 【loginButton】暂未找到，轮询中...
2018-09-06 15:34:41,036 [vivoX9] INFO  [gby.appium.page.BasePage.findEleBy() Line: 137] - 【loginButton】暂未找到，轮询中...
2018-09-06 15:34:41,591 [vivoX9] INFO  [gby.appium.page.BasePage.findEleBy() Line: 137] - 【loginButton】暂未找到，轮询中...
2018-09-06 15:34:42,216 [vivoX9] INFO  [gby.appium.page.BasePage.findEleBy() Line: 137] - 【loginButton】暂未找到，轮询中...
2018-09-06 15:34:42,775 [vivoX9] INFO  [gby.appium.page.BasePage.findEleBy() Line: 137] - 【loginButton】暂未找到，轮询中...
2018-09-06 15:34:43,510 [vivoX9] INFO  [gby.appium.page.BasePage.findEleBy() Line: 137] - 【loginButton】暂未找到，轮询中...
2018-09-06 15:34:43,512 [vivoX9] ERROR [gby.appium.page.BasePage.findElement() Line: 93] - 【loginButton】识别失败：识别超时
2018-09-06 15:34:43,513 [vivoX9] INFO  [gby.appium.listern.TestngRetry.retry() Line: 21] - 测试类：'gby.appium.listern.TestngRetry' 中的测试方法：'intoPublisPostPage' 执行失败，重试第 1 次
2018-09-06 15:34:43,516 [vivoX9] ERROR [gby.appium.listern.TestNGListener.onTestSkipped() Line: 59] - 【intoPublisPostPage】测试用例被跳过
2018-09-06 15:34:44,607 [vivoX9] INFO  [gby.appium.page.BasePage.findElesBy() Line: 170] - 【homePageButton】未找到，识别失败,元素list长度为0
2018-09-06 15:34:44,608 [vivoX9] INFO  [gby.appium.page.BasePage.backToHome() Line: 261] - 正在返回首页...
2018-09-06 15:34:44,789 [vivoX9] INFO  [gby.appium.page.BasePage.findElesBy() Line: 170] - 【homePageButton】未找到，识别失败,元素list长度为0
2018-09-06 15:34:44,789 [vivoX9] INFO  [gby.appium.page.BasePage.backToHome() Line: 261] - 正在返回首页...
2018-09-06 15:34:45,825 [vivoX9] INFO  [gby.appium.page.BasePage.findElesBy() Line: 170] - 【homePageButton】未找到，识别失败,元素list长度为0
2018-09-06 15:34:45,825 [vivoX9] INFO  [gby.appium.page.BasePage.backToHome() Line: 261] - 正在返回首页...
2018-09-06 15:34:47,374 [vivoX9] INFO  [gby.appium.page.BasePage.findElesBy() Line: 168] - 【homePageButton】识别成功
2018-09-06 15:34:47,375 [vivoX9] INFO  [gby.appium.page.BasePage.backToHome() Line: 261] - 正在返回首页...
2018-09-06 15:34:47,376 [vivoX9] INFO  [gby.appium.page.BasePage.backToHome() Line: 263] - 已返回首页
2018-09-06 15:34:47,378 [vivoX9] INFO  [gby.appium.listern.TestNGListener.onTestStart() Line: 34] - 【intoPublisPostPage】测试用例开始执行
2018-09-06 15:34:47,446 [vivoX9] INFO  [gby.appium.page.BasePage.findEleBy() Line: 135] - 【findRoommateButton】识别成功
2018-09-06 15:34:48,043 [vivoX9] INFO  [gby.appium.page.BasePage.findEleBy() Line: 135] - 【publishIcon】识别成功
2018-09-06 15:34:48,246 [vivoX9] INFO  [gby.appium.page.BasePage.findEleBy() Line: 137] - 【hasntRoomButton】暂未找到，轮询中...
2018-09-06 15:34:49,378 [vivoX9] INFO  [gby.appium.page.BasePage.findEleBy() Line: 135] - 【hasntRoomButton】识别成功
2018-09-06 15:34:49,480 [vivoX9] DEBUG [gby.appium.utils.CommandPromptUtil.getBufferedReader() Line: 84] - 执行命令：[cmd, /c, adb -s 192.168.20.159:5555 shell dumpsys window | findstr mCurrentFocus]
2018-09-06 15:34:49,662 [vivoX9] DEBUG [gby.appium.utils.CommandPromptUtil.runCommandThruProcess() Line: 41] - 命令结果：  mCurrentFocus=Window{e67e185 u0 com.loulifang.house/com.loulifang.house.activities.LoginActivity}
2018-09-06 15:34:51,516 [vivoX9] INFO  [gby.appium.page.BasePage.findEleBy() Line: 135] - 【userName】识别成功
2018-09-06 15:34:53,046 [vivoX9] INFO  [gby.appium.page.BasePage.findEleBy() Line: 135] - 【password】识别成功
2018-09-06 15:34:54,149 [vivoX9] INFO  [gby.appium.page.BasePage.findEleBy() Line: 135] - 【loginButton】识别成功
2018-09-06 15:34:54,271 [vivoX9] INFO  [gby.appium.page.BasePage.findEleBy() Line: 137] - 【hasntRoomButton】暂未找到，轮询中...
2018-09-06 15:34:56,199 [vivoX9] INFO  [gby.appium.page.BasePage.findEleBy() Line: 135] - 【hasntRoomButton】识别成功
2018-09-06 15:34:56,245 [vivoX9] INFO  [gby.appium.page.BasePage.findEleBy() Line: 135] - 【hasntRoomButton】识别成功
2018-09-06 15:34:56,431 [vivoX9] INFO  [gby.appium.page.BasePage.findEleBy() Line: 137] - 【titleInput】暂未找到，轮询中...
2018-09-06 15:34:57,421 [vivoX9] INFO  [gby.appium.page.BasePage.findEleBy() Line: 135] - 【titleInput】识别成功
2018-09-06 15:34:57,423 [vivoX9] INFO  [gby.appium.listern.TestNGListener.onTestSuccess() Line: 41] - 【intoPublisPostPage】测试用例执行成功
2018-09-06 15:34:57,428 [vivoX9] ERROR [gby.appium.listern.TestNGListener.onTestSkipped() Line: 59] - 【publishRoom】测试用例被跳过
2018-09-06 15:34:57,603 [vivoX9] INFO  [gby.appium.page.BasePage.findElesBy() Line: 170] - 【homePageButton】未找到，识别失败,元素list长度为0
2018-09-06 15:34:57,603 [vivoX9] INFO  [gby.appium.page.BasePage.backToHome() Line: 261] - 正在返回首页...
2018-09-06 15:34:59,131 [vivoX9] INFO  [gby.appium.page.BasePage.findElesBy() Line: 168] - 【homePageButton】识别成功
2018-09-06 15:34:59,131 [vivoX9] INFO  [gby.appium.page.BasePage.backToHome() Line: 261] - 正在返回首页...
2018-09-06 15:34:59,132 [vivoX9] INFO  [gby.appium.page.BasePage.backToHome() Line: 263] - 已返回首页
2018-09-06 15:34:59,214 [vivoX9] INFO  [gby.appium.page.BasePage.findEleBy() Line: 137] - 【myPostButton】暂未找到，轮询中...
2018-09-06 15:34:59,806 [vivoX9] INFO  [gby.appium.page.BasePage.findEleBy() Line: 137] - 【myPostButton】暂未找到，轮询中...
2018-09-06 15:35:00,408 [vivoX9] INFO  [gby.appium.page.BasePage.findEleBy() Line: 137] - 【myPostButton】暂未找到，轮询中...
2018-09-06 15:35:01,531 [vivoX9] INFO  [gby.appium.page.BasePage.findEleBy() Line: 137] - 【myPostButton】暂未找到，轮询中...
2018-09-06 15:35:02,112 [vivoX9] INFO  [gby.appium.page.BasePage.findEleBy() Line: 137] - 【myPostButton】暂未找到，轮询中...
2018-09-06 15:35:02,694 [vivoX9] INFO  [gby.appium.page.BasePage.findEleBy() Line: 137] - 【myPostButton】暂未找到，轮询中...
2018-09-06 15:35:03,354 [vivoX9] INFO  [gby.appium.page.BasePage.findEleBy() Line: 137] - 【myPostButton】暂未找到，轮询中...
2018-09-06 15:35:03,914 [vivoX9] INFO  [gby.appium.page.BasePage.findEleBy() Line: 137] - 【myPostButton】暂未找到，轮询中...
2018-09-06 15:35:04,511 [vivoX9] INFO  [gby.appium.page.BasePage.findEleBy() Line: 137] - 【myPostButton】暂未找到，轮询中...
2018-09-06 15:35:05,101 [vivoX9] INFO  [gby.appium.page.BasePage.findEleBy() Line: 137] - 【myPostButton】暂未找到，轮询中...
2018-09-06 15:35:05,677 [vivoX9] INFO  [gby.appium.page.BasePage.findEleBy() Line: 137] - 【myPostButton】暂未找到，轮询中...
2018-09-06 15:35:06,271 [vivoX9] INFO  [gby.appium.page.BasePage.findEleBy() Line: 137] - 【myPostButton】暂未找到，轮询中...
2018-09-06 15:35:06,850 [vivoX9] INFO  [gby.appium.page.BasePage.findEleBy() Line: 137] - 【myPostButton】暂未找到，轮询中...
2018-09-06 15:35:07,558 [vivoX9] INFO  [gby.appium.page.BasePage.findEleBy() Line: 137] - 【myPostButton】暂未找到，轮询中...
2018-09-06 15:35:08,132 [vivoX9] INFO  [gby.appium.page.BasePage.findEleBy() Line: 137] - 【myPostButton】暂未找到，轮询中...
2018-09-06 15:35:08,734 [vivoX9] INFO  [gby.appium.page.BasePage.findEleBy() Line: 137] - 【myPostButton】暂未找到，轮询中...
2018-09-06 15:35:09,393 [vivoX9] INFO  [gby.appium.page.BasePage.findEleBy() Line: 137] - 【myPostButton】暂未找到，轮询中...
2018-09-06 15:35:10,524 [vivoX9] INFO  [gby.appium.page.BasePage.findEleBy() Line: 137] - 【myPostButton】暂未找到，轮询中...
2018-09-06 15:35:11,116 [vivoX9] INFO  [gby.appium.page.BasePage.findEleBy() Line: 137] - 【myPostButton】暂未找到，轮询中...
2018-09-06 15:35:11,684 [vivoX9] INFO  [gby.appium.page.BasePage.findEleBy() Line: 137] - 【myPostButton】暂未找到，轮询中...
2018-09-06 15:35:12,260 [vivoX9] INFO  [gby.appium.page.BasePage.findEleBy() Line: 137] - 【myPostButton】暂未找到，轮询中...
2018-09-06 15:35:12,829 [vivoX9] INFO  [gby.appium.page.BasePage.findEleBy() Line: 137] - 【myPostButton】暂未找到，轮询中...
2018-09-06 15:35:13,536 [vivoX9] INFO  [gby.appium.page.BasePage.findEleBy() Line: 137] - 【myPostButton】暂未找到，轮询中...
2018-09-06 15:35:14,053 [vivoX9] INFO  [gby.appium.page.BasePage.findEleBy() Line: 137] - 【myPostButton】暂未找到，轮询中...
2018-09-06 15:35:14,572 [vivoX9] INFO  [gby.appium.page.BasePage.findEleBy() Line: 137] - 【myPostButton】暂未找到，轮询中...
2018-09-06 15:35:14,572 [vivoX9] ERROR [gby.appium.page.BasePage.findElement() Line: 93] - 【myPostButton】识别失败：识别超时
2018-09-06 15:35:14,606 [vivoX9] INFO  [gby.appium.listern.TestNGListener.onFinish() Line: 66] - 测试执行完毕
