2018-09-07 13:51:42,710 [vivoX9] DEBUG [gby.testng.testcase.InitDriverCase.f() Line: 38] - deviceName: vivoX9
2018-09-07 13:51:42,937 [vivoX9] DEBUG [gby.appium.utils.CommandPromptUtil.getBufferedReader() Line: 84] - 执行命令：[cmd, /c, adb connect 192.168.20.159:5555]
2018-09-07 13:51:47,349 [vivoX9] DEBUG [gby.appium.utils.CommandPromptUtil.runCommandThruProcess() Line: 41] - 命令结果：connected to 192.168.20.159:5555* daemon not running; starting now at tcp:5037* daemon started successfully
2018-09-07 13:52:26,925 [vivoX9] INFO  [gby.appium.deviceM.InitDrvier.<init>() Line: 83] - AndroidDriver初始化完成，打开app成功
2018-09-07 13:52:26,930 [vivoX9] INFO  [gby.appium.listern.TestNGListener.onTestSuccess() Line: 41] - 【f】测试用例执行成功
2018-09-07 13:52:26,933 [vivoX9] INFO  [gby.appium.listern.TestNGListener.onTestStart() Line: 34] - 【intoPublisPostPage】测试用例开始执行
2018-09-07 13:52:27,412 [vivoX9] INFO  [gby.appium.page.BasePage.findEleBy() Line: 137] - 【findRoommateButton】暂未找到，轮询中...
2018-09-07 13:52:28,238 [vivoX9] INFO  [gby.appium.page.BasePage.findEleBy() Line: 137] - 【findRoommateButton】暂未找到，轮询中...
2018-09-07 13:52:28,790 [vivoX9] INFO  [gby.appium.page.BasePage.findEleBy() Line: 137] - 【findRoommateButton】暂未找到，轮询中...
2018-09-07 13:52:29,345 [vivoX9] INFO  [gby.appium.page.BasePage.findEleBy() Line: 137] - 【findRoommateButton】暂未找到，轮询中...
2018-09-07 13:52:30,608 [vivoX9] INFO  [gby.appium.page.BasePage.findEleBy() Line: 135] - 【findRoommateButton】识别成功
2018-09-07 13:52:32,545 [vivoX9] INFO  [gby.appium.page.BasePage.findEleBy() Line: 135] - 【publishIcon】识别成功
2018-09-07 13:52:32,794 [vivoX9] INFO  [gby.appium.page.BasePage.findEleBy() Line: 137] - 【hasntRoomButton】暂未找到，轮询中...
2018-09-07 13:52:34,244 [vivoX9] INFO  [gby.appium.page.BasePage.findEleBy() Line: 135] - 【hasntRoomButton】识别成功
2018-09-07 13:52:34,331 [vivoX9] DEBUG [gby.appium.utils.CommandPromptUtil.getBufferedReader() Line: 84] - 执行命令：[cmd, /c, adb -s 192.168.20.159:5555 shell dumpsys window | findstr mCurrentFocus]
2018-09-07 13:52:34,536 [vivoX9] DEBUG [gby.appium.utils.CommandPromptUtil.runCommandThruProcess() Line: 41] - 命令结果：  mCurrentFocus=Window{3b21bc7 u0 com.loulifang.house/com.loulifang.house.activities.LoginActivity}
2018-09-07 13:52:35,628 [vivoX9] INFO  [gby.appium.page.BasePage.findEleBy() Line: 135] - 【userName】识别成功
2018-09-07 13:52:37,248 [vivoX9] INFO  [gby.appium.page.BasePage.findEleBy() Line: 135] - 【password】识别成功
2018-09-07 13:52:38,326 [vivoX9] INFO  [gby.appium.page.BasePage.findEleBy() Line: 137] - 【loginButton】暂未找到，轮询中...
2018-09-07 13:52:38,861 [vivoX9] INFO  [gby.appium.page.BasePage.findEleBy() Line: 137] - 【loginButton】暂未找到，轮询中...
2018-09-07 13:52:39,402 [vivoX9] INFO  [gby.appium.page.BasePage.findEleBy() Line: 137] - 【loginButton】暂未找到，轮询中...
2018-09-07 13:52:40,454 [vivoX9] INFO  [gby.appium.page.BasePage.findEleBy() Line: 137] - 【loginButton】暂未找到，轮询中...
2018-09-07 13:52:41,001 [vivoX9] INFO  [gby.appium.page.BasePage.findEleBy() Line: 137] - 【loginButton】暂未找到，轮询中...
2018-09-07 13:52:41,575 [vivoX9] INFO  [gby.appium.page.BasePage.findEleBy() Line: 137] - 【loginButton】暂未找到，轮询中...
2018-09-07 13:52:42,209 [vivoX9] INFO  [gby.appium.page.BasePage.findEleBy() Line: 137] - 【loginButton】暂未找到，轮询中...
2018-09-07 13:52:43,265 [vivoX9] INFO  [gby.appium.page.BasePage.findEleBy() Line: 137] - 【loginButton】暂未找到，轮询中...
2018-09-07 13:52:43,806 [vivoX9] INFO  [gby.appium.page.BasePage.findEleBy() Line: 137] - 【loginButton】暂未找到，轮询中...
2018-09-07 13:52:44,393 [vivoX9] INFO  [gby.appium.page.BasePage.findEleBy() Line: 137] - 【loginButton】暂未找到，轮询中...
2018-09-07 13:52:44,936 [vivoX9] INFO  [gby.appium.page.BasePage.findEleBy() Line: 137] - 【loginButton】暂未找到，轮询中...
2018-09-07 13:52:45,541 [vivoX9] INFO  [gby.appium.page.BasePage.findEleBy() Line: 137] - 【loginButton】暂未找到，轮询中...
2018-09-07 13:52:46,245 [vivoX9] INFO  [gby.appium.page.BasePage.findEleBy() Line: 137] - 【loginButton】暂未找到，轮询中...
2018-09-07 13:52:46,794 [vivoX9] INFO  [gby.appium.page.BasePage.findEleBy() Line: 137] - 【loginButton】暂未找到，轮询中...
2018-09-07 13:52:47,336 [vivoX9] INFO  [gby.appium.page.BasePage.findEleBy() Line: 137] - 【loginButton】暂未找到，轮询中...
2018-09-07 13:52:47,880 [vivoX9] INFO  [gby.appium.page.BasePage.findEleBy() Line: 137] - 【loginButton】暂未找到，轮询中...
2018-09-07 13:52:48,479 [vivoX9] INFO  [gby.appium.page.BasePage.findEleBy() Line: 137] - 【loginButton】暂未找到，轮询中...
2018-09-07 13:52:49,268 [vivoX9] INFO  [gby.appium.page.BasePage.findEleBy() Line: 137] - 【loginButton】暂未找到，轮询中...
2018-09-07 13:52:49,820 [vivoX9] INFO  [gby.appium.page.BasePage.findEleBy() Line: 137] - 【loginButton】暂未找到，轮询中...
2018-09-07 13:52:50,383 [vivoX9] INFO  [gby.appium.page.BasePage.findEleBy() Line: 137] - 【loginButton】暂未找到，轮询中...
2018-09-07 13:52:50,991 [vivoX9] INFO  [gby.appium.page.BasePage.findEleBy() Line: 137] - 【loginButton】暂未找到，轮询中...
2018-09-07 13:52:51,610 [vivoX9] INFO  [gby.appium.page.BasePage.findEleBy() Line: 137] - 【loginButton】暂未找到，轮询中...
2018-09-07 13:52:52,264 [vivoX9] INFO  [gby.appium.page.BasePage.findEleBy() Line: 137] - 【loginButton】暂未找到，轮询中...
2018-09-07 13:52:52,869 [vivoX9] INFO  [gby.appium.page.BasePage.findEleBy() Line: 137] - 【loginButton】暂未找到，轮询中...
2018-09-07 13:52:52,870 [vivoX9] ERROR [gby.appium.page.BasePage.findElement() Line: 93] - 【loginButton】识别失败：识别超时
2018-09-07 13:52:52,885 [vivoX9] INFO  [gby.appium.listern.TestngRetry.retry() Line: 21] - 测试类：'gby.appium.listern.TestngRetry' 中的测试方法：'intoPublisPostPage' 执行失败，重试第 1 次
2018-09-07 13:52:52,887 [vivoX9] ERROR [gby.appium.listern.TestNGListener.onTestSkipped() Line: 59] - 【intoPublisPostPage】测试用例被跳过
2018-09-07 13:52:54,020 [vivoX9] INFO  [gby.appium.page.BasePage.findElesBy() Line: 170] - 【homePageButton】未找到，识别失败,元素list长度为0
2018-09-07 13:52:54,022 [vivoX9] INFO  [gby.appium.page.BasePage.backToHome() Line: 261] - 正在返回首页...
2018-09-07 13:52:54,214 [vivoX9] INFO  [gby.appium.page.BasePage.findElesBy() Line: 170] - 【homePageButton】未找到，识别失败,元素list长度为0
2018-09-07 13:52:54,215 [vivoX9] INFO  [gby.appium.page.BasePage.backToHome() Line: 261] - 正在返回首页...
2018-09-07 13:52:56,339 [vivoX9] INFO  [gby.appium.page.BasePage.findElesBy() Line: 168] - 【homePageButton】识别成功
2018-09-07 13:52:56,340 [vivoX9] INFO  [gby.appium.page.BasePage.backToHome() Line: 261] - 正在返回首页...
2018-09-07 13:52:56,341 [vivoX9] INFO  [gby.appium.page.BasePage.backToHome() Line: 263] - 已返回首页
2018-09-07 13:52:56,345 [vivoX9] INFO  [gby.appium.listern.TestNGListener.onTestStart() Line: 34] - 【intoPublisPostPage】测试用例开始执行
2018-09-07 13:52:56,477 [vivoX9] INFO  [gby.appium.page.BasePage.findEleBy() Line: 135] - 【findRoommateButton】识别成功
2018-09-07 13:52:57,093 [vivoX9] INFO  [gby.appium.page.BasePage.findEleBy() Line: 135] - 【publishIcon】识别成功
2018-09-07 13:52:57,269 [vivoX9] INFO  [gby.appium.page.BasePage.findEleBy() Line: 137] - 【hasntRoomButton】暂未找到，轮询中...
2018-09-07 13:52:58,259 [vivoX9] INFO  [gby.appium.page.BasePage.findEleBy() Line: 135] - 【hasntRoomButton】识别成功
2018-09-07 13:52:58,364 [vivoX9] DEBUG [gby.appium.utils.CommandPromptUtil.getBufferedReader() Line: 84] - 执行命令：[cmd, /c, adb -s 192.168.20.159:5555 shell dumpsys window | findstr mCurrentFocus]
2018-09-07 13:52:59,035 [vivoX9] DEBUG [gby.appium.utils.CommandPromptUtil.runCommandThruProcess() Line: 41] - 命令结果：  mCurrentFocus=Window{fa4a905 u0 com.loulifang.house/com.loulifang.house.activities.LoginActivity}
2018-09-07 13:52:59,541 [vivoX9] INFO  [gby.appium.page.BasePage.findEleBy() Line: 135] - 【userName】识别成功
2018-09-07 13:53:01,262 [vivoX9] INFO  [gby.appium.page.BasePage.findEleBy() Line: 135] - 【password】识别成功
2018-09-07 13:53:02,394 [vivoX9] INFO  [gby.appium.page.BasePage.findEleBy() Line: 137] - 【loginButton】暂未找到，轮询中...
2018-09-07 13:53:02,950 [vivoX9] INFO  [gby.appium.page.BasePage.findEleBy() Line: 137] - 【loginButton】暂未找到，轮询中...
2018-09-07 13:53:03,506 [vivoX9] INFO  [gby.appium.page.BasePage.findEleBy() Line: 137] - 【loginButton】暂未找到，轮询中...
2018-09-07 13:53:04,286 [vivoX9] INFO  [gby.appium.page.BasePage.findEleBy() Line: 137] - 【loginButton】暂未找到，轮询中...
2018-09-07 13:53:04,880 [vivoX9] INFO  [gby.appium.page.BasePage.findEleBy() Line: 137] - 【loginButton】暂未找到，轮询中...
2018-09-07 13:53:05,440 [vivoX9] INFO  [gby.appium.page.BasePage.findEleBy() Line: 137] - 【loginButton】暂未找到，轮询中...
2018-09-07 13:53:06,021 [vivoX9] INFO  [gby.appium.page.BasePage.findEleBy() Line: 137] - 【loginButton】暂未找到，轮询中...
2018-09-07 13:53:06,574 [vivoX9] INFO  [gby.appium.page.BasePage.findEleBy() Line: 137] - 【loginButton】暂未找到，轮询中...
2018-09-07 13:53:07,278 [vivoX9] INFO  [gby.appium.page.BasePage.findEleBy() Line: 137] - 【loginButton】暂未找到，轮询中...
2018-09-07 13:53:07,825 [vivoX9] INFO  [gby.appium.page.BasePage.findEleBy() Line: 137] - 【loginButton】暂未找到，轮询中...
2018-09-07 13:53:08,424 [vivoX9] INFO  [gby.appium.page.BasePage.findEleBy() Line: 137] - 【loginButton】暂未找到，轮询中...
2018-09-07 13:53:08,978 [vivoX9] INFO  [gby.appium.page.BasePage.findEleBy() Line: 137] - 【loginButton】暂未找到，轮询中...
2018-09-07 13:53:09,535 [vivoX9] INFO  [gby.appium.page.BasePage.findEleBy() Line: 137] - 【loginButton】暂未找到，轮询中...
2018-09-07 13:53:10,275 [vivoX9] INFO  [gby.appium.page.BasePage.findEleBy() Line: 137] - 【loginButton】暂未找到，轮询中...
2018-09-07 13:53:10,830 [vivoX9] INFO  [gby.appium.page.BasePage.findEleBy() Line: 137] - 【loginButton】暂未找到，轮询中...
2018-09-07 13:53:11,395 [vivoX9] INFO  [gby.appium.page.BasePage.findEleBy() Line: 137] - 【loginButton】暂未找到，轮询中...
2018-09-07 13:53:11,949 [vivoX9] INFO  [gby.appium.page.BasePage.findEleBy() Line: 137] - 【loginButton】暂未找到，轮询中...
2018-09-07 13:53:12,610 [vivoX9] INFO  [gby.appium.page.BasePage.findEleBy() Line: 137] - 【loginButton】暂未找到，轮询中...
2018-09-07 13:53:13,288 [vivoX9] INFO  [gby.appium.page.BasePage.findEleBy() Line: 137] - 【loginButton】暂未找到，轮询中...
2018-09-07 13:53:13,844 [vivoX9] INFO  [gby.appium.page.BasePage.findEleBy() Line: 137] - 【loginButton】暂未找到，轮询中...
2018-09-07 13:53:14,720 [vivoX9] INFO  [gby.appium.page.BasePage.findEleBy() Line: 137] - 【loginButton】暂未找到，轮询中...
2018-09-07 13:53:15,324 [vivoX9] INFO  [gby.appium.page.BasePage.findEleBy() Line: 137] - 【loginButton】暂未找到，轮询中...
2018-09-07 13:53:16,283 [vivoX9] INFO  [gby.appium.page.BasePage.findEleBy() Line: 137] - 【loginButton】暂未找到，轮询中...
2018-09-07 13:53:16,839 [vivoX9] INFO  [gby.appium.page.BasePage.findEleBy() Line: 137] - 【loginButton】暂未找到，轮询中...
2018-09-07 13:53:17,421 [vivoX9] INFO  [gby.appium.page.BasePage.findEleBy() Line: 137] - 【loginButton】暂未找到，轮询中...
2018-09-07 13:53:17,422 [vivoX9] ERROR [gby.appium.page.BasePage.findElement() Line: 93] - 【loginButton】识别失败：识别超时
2018-09-07 13:53:17,457 [vivoX9] ERROR [gby.appium.listern.TestNGListener.onTestFailure() Line: 49] - 【intoPublisPostPage】测试用例执行失败
2018-09-07 13:53:19,323 [vivoX9] INFO  [gby.appium.page.BasePage.findElesBy() Line: 170] - 【homePageButton】未找到，识别失败,元素list长度为0
2018-09-07 13:53:19,324 [vivoX9] INFO  [gby.appium.page.BasePage.backToHome() Line: 261] - 正在返回首页...
2018-09-07 13:53:19,500 [vivoX9] INFO  [gby.appium.page.BasePage.findElesBy() Line: 170] - 【homePageButton】未找到，识别失败,元素list长度为0
2018-09-07 13:53:19,500 [vivoX9] INFO  [gby.appium.page.BasePage.backToHome() Line: 261] - 正在返回首页...
2018-09-07 13:53:21,526 [vivoX9] INFO  [gby.appium.page.BasePage.findElesBy() Line: 168] - 【homePageButton】识别成功
2018-09-07 13:53:21,526 [vivoX9] INFO  [gby.appium.page.BasePage.backToHome() Line: 261] - 正在返回首页...
2018-09-07 13:53:21,527 [vivoX9] INFO  [gby.appium.page.BasePage.backToHome() Line: 263] - 已返回首页
2018-09-07 13:53:21,533 [vivoX9] ERROR [gby.appium.listern.TestNGListener.onTestSkipped() Line: 59] - 【publishRoom】测试用例被跳过
2018-09-07 13:53:22,304 [vivoX9] INFO  [gby.appium.page.BasePage.findElesBy() Line: 168] - 【homePageButton】识别成功
2018-09-07 13:53:22,304 [vivoX9] INFO  [gby.appium.page.BasePage.backToHome() Line: 261] - 正在返回首页...
2018-09-07 13:53:22,304 [vivoX9] INFO  [gby.appium.page.BasePage.backToHome() Line: 263] - 已返回首页
2018-09-07 13:53:22,404 [vivoX9] INFO  [gby.appium.page.BasePage.findEleBy() Line: 135] - 【mineButton】识别成功
2018-09-07 13:53:23,280 [vivoX9] INFO  [gby.appium.page.BasePage.findEleBy() Line: 137] - 【myPostButton】暂未找到，轮询中...
2018-09-07 13:53:23,840 [vivoX9] INFO  [gby.appium.page.BasePage.findEleBy() Line: 137] - 【myPostButton】暂未找到，轮询中...
2018-09-07 13:53:24,411 [vivoX9] INFO  [gby.appium.page.BasePage.findEleBy() Line: 137] - 【myPostButton】暂未找到，轮询中...
2018-09-07 13:53:25,330 [vivoX9] INFO  [gby.appium.page.BasePage.findEleBy() Line: 137] - 【myPostButton】暂未找到，轮询中...
2018-09-07 13:53:26,006 [vivoX9] INFO  [gby.appium.page.BasePage.findEleBy() Line: 137] - 【myPostButton】暂未找到，轮询中...
2018-09-07 13:53:26,564 [vivoX9] INFO  [gby.appium.page.BasePage.findEleBy() Line: 137] - 【myPostButton】暂未找到，轮询中...
2018-09-07 13:53:27,137 [vivoX9] INFO  [gby.appium.page.BasePage.findEleBy() Line: 137] - 【myPostButton】暂未找到，轮询中...
2018-09-07 13:53:28,312 [vivoX9] INFO  [gby.appium.page.BasePage.findEleBy() Line: 137] - 【myPostButton】暂未找到，轮询中...
2018-09-07 13:53:28,932 [vivoX9] INFO  [gby.appium.page.BasePage.findEleBy() Line: 137] - 【myPostButton】暂未找到，轮询中...
2018-09-07 13:53:29,512 [vivoX9] INFO  [gby.appium.page.BasePage.findEleBy() Line: 137] - 【myPostButton】暂未找到，轮询中...
2018-09-07 13:53:30,098 [vivoX9] INFO  [gby.appium.page.BasePage.findEleBy() Line: 137] - 【myPostButton】暂未找到，轮询中...
2018-09-07 13:53:30,680 [vivoX9] INFO  [gby.appium.page.BasePage.findEleBy() Line: 137] - 【myPostButton】暂未找到，轮询中...
2018-09-07 13:53:31,313 [vivoX9] INFO  [gby.appium.page.BasePage.findEleBy() Line: 137] - 【myPostButton】暂未找到，轮询中...
2018-09-07 13:53:31,888 [vivoX9] INFO  [gby.appium.page.BasePage.findEleBy() Line: 137] - 【myPostButton】暂未找到，轮询中...
2018-09-07 13:53:32,468 [vivoX9] INFO  [gby.appium.page.BasePage.findEleBy() Line: 137] - 【myPostButton】暂未找到，轮询中...
2018-09-07 13:53:33,021 [vivoX9] INFO  [gby.appium.page.BasePage.findEleBy() Line: 137] - 【myPostButton】暂未找到，轮询中...
2018-09-07 13:53:33,610 [vivoX9] INFO  [gby.appium.page.BasePage.findEleBy() Line: 137] - 【myPostButton】暂未找到，轮询中...
2018-09-07 13:53:34,331 [vivoX9] INFO  [gby.appium.page.BasePage.findEleBy() Line: 137] - 【myPostButton】暂未找到，轮询中...
2018-09-07 13:53:34,974 [vivoX9] INFO  [gby.appium.page.BasePage.findEleBy() Line: 137] - 【myPostButton】暂未找到，轮询中...
2018-09-07 13:53:35,549 [vivoX9] INFO  [gby.appium.page.BasePage.findEleBy() Line: 137] - 【myPostButton】暂未找到，轮询中...
2018-09-07 13:53:36,236 [vivoX9] INFO  [gby.appium.page.BasePage.findEleBy() Line: 137] - 【myPostButton】暂未找到，轮询中...
2018-09-07 13:53:37,326 [vivoX9] INFO  [gby.appium.page.BasePage.findEleBy() Line: 137] - 【myPostButton】暂未找到，轮询中...
2018-09-07 13:53:37,909 [vivoX9] INFO  [gby.appium.page.BasePage.findEleBy() Line: 137] - 【myPostButton】暂未找到，轮询中...
2018-09-07 13:53:37,910 [vivoX9] ERROR [gby.appium.page.BasePage.findElement() Line: 93] - 【myPostButton】识别失败：识别超时
2018-09-07 13:53:37,939 [vivoX9] INFO  [gby.appium.listern.TestNGListener.onFinish() Line: 66] - 测试执行完毕
2018-09-07 13:53:37,940 [vivoX9] DEBUG [gby.appium.listern.TestNGListener.onFinish() Line: 76] - intoPublisPostPage:[TestResult name=intoPublisPostPage status=FAILURE method=PublishPostCase.intoPublisPostPage()[pri:0, instance:gby.testng.testcase.PublishPostCase@167fdd33] output=[info] 【intoPublisPostPage】测试用例开始执行]
2018-09-07 13:53:37,940 [vivoX9] DEBUG [gby.appium.listern.TestNGListener.onFinish() Line: 93] - intoPublisPostPage:[TestResult name=intoPublisPostPage status=SKIP method=PublishPostCase.intoPublisPostPage()[pri:0, instance:gby.testng.testcase.PublishPostCase@167fdd33] output=[info] 【intoPublisPostPage】测试用例开始执行]
2018-09-07 13:53:37,940 [vivoX9] DEBUG [gby.appium.listern.TestNGListener.onFinish() Line: 93] - publishRoom:[TestResult name=publishRoom status=SKIP method=PublishPostCase.publishRoom()[pri:0, instance:gby.testng.testcase.PublishPostCase@167fdd33] output=[error] 【publishRoom】测试用例被跳过]
