2018-09-13 00:29:34,036 [vivoX9] ERROR [gby.appium.listern.TestNGListener.onTestSkipped() Line: 59] - 【f】测试用例被跳过
2018-09-13 00:29:36,705 [vivoX9] ERROR [gby.appium.listern.TestNGListener.onTestFailure() Line: 49] - 【f】测试用例执行失败
2018-09-13 00:29:36,715 [vivoX9] ERROR [gby.appium.listern.TestNGListener.onTestFailure() Line: 49] - 【f】测试用例执行失败
2018-09-13 00:36:18,953 [vivoX9] ERROR [gby.appium.listern.TestNGListener.onTestSkipped() Line: 59] - 【f】测试用例被跳过
2018-09-13 00:36:20,817 [vivoX9] ERROR [gby.appium.listern.TestNGListener.onTestFailure() Line: 49] - 【f】测试用例执行失败
2018-09-13 00:36:20,834 [vivoX9] ERROR [gby.appium.listern.TestNGListener.onTestFailure() Line: 49] - 【f】测试用例执行失败
2018-09-13 00:46:24,228 [vivoX9] ERROR [gby.appium.listern.TestNGListener.onTestSkipped() Line: 59] - 【f】测试用例被跳过
2018-09-13 00:46:27,005 [vivoX9] ERROR [gby.appium.listern.TestNGListener.onTestFailure() Line: 49] - 【f】测试用例执行失败
2018-09-13 00:46:27,012 [vivoX9] ERROR [gby.appium.listern.TestNGListener.onTestFailure() Line: 49] - 【f】测试用例执行失败
2018-09-13 01:00:25,711 [vivoX9] ERROR [gby.appium.listern.TestNGListener.onTestSkipped() Line: 59] - 【f】测试用例被跳过
2018-09-13 01:00:28,926 [vivoX9] ERROR [gby.appium.listern.TestNGListener.onTestFailure() Line: 49] - 【f】测试用例执行失败
2018-09-13 01:00:28,944 [vivoX9] ERROR [gby.appium.listern.TestNGListener.onTestFailure() Line: 49] - 【f】测试用例执行失败
2018-09-13 12:40:33,182 [vivoX9] ERROR [gby.appium.listern.TestNGListener.onTestSkipped() Line: 59] - 【f】测试用例被跳过
2018-09-13 12:40:58,132 [vivoX9] ERROR [gby.appium.listern.TestNGListener.onTestFailure() Line: 49] - 【f】测试用例执行失败
2018-09-13 12:40:58,137 [vivoX9] ERROR [gby.appium.listern.TestNGListener.onTestFailure() Line: 49] - 【f】测试用例执行失败
2018-09-13 12:42:01,748 [vivoX9] ERROR [gby.appium.listern.TestNGListener.onTestSkipped() Line: 59] - 【f】测试用例被跳过
2018-09-13 12:42:26,711 [vivoX9] ERROR [gby.appium.listern.TestNGListener.onTestFailure() Line: 49] - 【f】测试用例执行失败
2018-09-13 12:42:26,716 [vivoX9] ERROR [gby.appium.listern.TestNGListener.onTestFailure() Line: 49] - 【f】测试用例执行失败
2018-09-13 12:45:38,147 [vivoX9] ERROR [gby.appium.page.BasePage.findElement() Line: 93] - 【phoneNumber】识别失败：识别超时
2018-09-13 12:45:38,155 [vivoX9] ERROR [gby.appium.listern.TestNGListener.onTestSkipped() Line: 59] - 【login】测试用例被跳过
2018-09-13 12:45:56,872 [vivoX9] ERROR [gby.appium.page.BasePage.findElement() Line: 93] - 【userName】识别失败：识别超时
2018-09-13 12:45:56,877 [vivoX9] ERROR [gby.appium.listern.TestNGListener.onTestFailure() Line: 49] - 【login】测试用例执行失败
2018-09-13 20:26:30,261 [vivoX9] ERROR [gby.appium.listern.TestNGListener.onTestSkipped() Line: 59] - 【login】测试用例被跳过
2018-09-13 20:35:15,670 [vivoX9] ERROR [gby.appium.listern.TestNGListener.onTestSkipped() Line: 59] - 【login】测试用例被跳过
2018-09-13 20:39:59,374 [vivoX9] ERROR [gby.appium.listern.TestNGListener.onTestSkipped() Line: 59] - 【login】测试用例被跳过
2018-09-13 20:41:30,309 [vivoX9] ERROR [gby.appium.listern.TestNGListener.onTestSkipped() Line: 59] - 【login】测试用例被跳过
2018-09-13 20:49:02,121 [vivoX9] ERROR [gby.appium.listern.TestNGListener.onTestSkipped() Line: 59] - 【login】测试用例被跳过
2018-09-13 20:49:18,738 [vivoX9] ERROR [gby.appium.page.BasePage.findElement() Line: 93] - 【userName】识别失败：识别超时
2018-09-13 20:49:18,740 [vivoX9] ERROR [gby.appium.listern.TestNGListener.onTestFailure() Line: 49] - 【login】测试用例执行失败
2018-09-13 20:49:36,560 [vivoX9] ERROR [gby.appium.page.BasePage.findElement() Line: 93] - 【areaSelector】识别失败：识别超时
2018-09-13 20:49:36,566 [vivoX9] ERROR [gby.appium.listern.TestNGListener.onTestSkipped() Line: 59] - 【searchHouse】测试用例被跳过
