2018-09-14 10:31:19,267 [vivoX9] ERROR [gby.appium.page.BasePage.findElement() Line: 93] - 【homePageButton】识别失败：识别超时
2018-09-14 10:31:19,286 [vivoX9] ERROR [gby.appium.listern.TestNGListener.onTestSkipped() Line: 59] - 【searchHouse】测试用例被跳过
2018-09-14 10:31:35,395 [vivoX9] ERROR [gby.appium.page.BasePage.findElement() Line: 93] - 【homePageButton】识别失败：识别超时
2018-09-14 10:31:35,401 [vivoX9] ERROR [gby.appium.listern.TestNGListener.onTestFailure() Line: 49] - 【searchHouse】测试用例执行失败
2018-09-14 10:32:48,264 [vivoX9] ERROR [gby.appium.page.BasePage.findElement() Line: 93] - 【myPostButton】识别失败：识别超时
2018-09-14 10:50:35,048 [vivoX9] ERROR [gby.appium.page.BasePage.findElement() Line: 93] - 【homePageButton】识别失败：识别超时
2018-09-14 10:50:35,058 [vivoX9] ERROR [gby.appium.listern.TestNGListener.onTestSkipped() Line: 59] - 【searchHouse】测试用例被跳过
2018-09-14 10:50:51,453 [vivoX9] ERROR [gby.appium.page.BasePage.findElement() Line: 93] - 【homePageButton】识别失败：识别超时
2018-09-14 10:50:51,458 [vivoX9] ERROR [gby.appium.listern.TestNGListener.onTestFailure() Line: 49] - 【searchHouse】测试用例执行失败
2018-09-14 10:51:50,691 [vivoX9] ERROR [gby.appium.page.BasePage.findElement() Line: 93] - 【myPostButton】识别失败：识别超时
2018-09-14 10:52:10,576 [vivoX9] ERROR [gby.appium.page.BasePage.findElement() Line: 93] - 【myPostButton】识别失败：识别超时
2018-09-14 10:52:26,158 [vivoX9] ERROR [gby.appium.page.BasePage.findElement() Line: 93] - 【myPostButton】识别失败：识别超时
2018-09-14 10:52:45,909 [vivoX9] ERROR [gby.appium.page.BasePage.findElement() Line: 93] - 【myPostButton】识别失败：识别超时
2018-09-14 10:53:00,934 [vivoX9] ERROR [gby.appium.page.BasePage.findElement() Line: 93] - 【myPostButton】识别失败：识别超时
2018-09-14 10:53:20,774 [vivoX9] ERROR [gby.appium.page.BasePage.findElement() Line: 93] - 【myPostButton】识别失败：识别超时
2018-09-14 11:13:13,982 [vivoX9] ERROR [gby.appium.page.BasePage.findElement() Line: 93] - 【homePageButton】识别失败：识别超时
2018-09-14 11:13:13,984 [vivoX9] ERROR [gby.appium.listern.TestNGListener.onTestSkipped() Line: 59] - 【searchHouse】测试用例被跳过
2018-09-14 11:13:14,631 [vivoX9] ERROR [gby.appium.listern.TestNGListener.onTestSkipped() Line: 59] - 【searchHouse】测试用例被跳过
2018-09-14 11:13:49,271 [vivoX9] ERROR [gby.appium.page.BasePage.findElement() Line: 93] - 【homePageButton】识别失败：识别超时
2018-09-14 11:13:49,273 [vivoX9] ERROR [gby.appium.listern.TestNGListener.onTestFailure() Line: 49] - 【searchHouse】测试用例执行失败
2018-09-14 11:13:53,007 [vivoX9] ERROR [gby.appium.listern.TestNGListener.onTestFailure() Line: 49] - 【searchHouse】测试用例执行失败
2018-09-14 11:14:18,245 [vivoX9] ERROR [gby.appium.listern.TestNGListener.onTestSkipped() Line: 59] - 【publishRoom】测试用例被跳过
2018-09-14 11:14:33,679 [vivoX9] ERROR [gby.appium.page.BasePage.findElement() Line: 93] - 【titleInput】识别失败：识别超时
2018-09-14 11:14:33,680 [vivoX9] ERROR [gby.appium.listern.TestNGListener.onTestFailure() Line: 49] - 【publishRoom】测试用例执行失败
2018-09-14 11:14:33,702 [vivoX9] ERROR [gby.appium.listern.TestNGListener.onTestFailure() Line: 49] - 【publishRoom】测试用例执行失败
2018-09-14 11:14:48,834 [vivoX9] ERROR [gby.appium.page.BasePage.findElement() Line: 93] - 【mineButton】识别失败：识别超时
2018-09-14 11:20:37,195 [vivoX9] ERROR [gby.appium.page.BasePage.findElement() Line: 93] - 【homePageButton】识别失败：识别超时
2018-09-14 11:20:37,199 [vivoX9] ERROR [gby.appium.listern.TestNGListener.onTestSkipped() Line: 59] - 【searchHouse】测试用例被跳过
2018-09-14 11:20:38,459 [vivoX9] ERROR [gby.appium.listern.TestNGListener.onTestSkipped() Line: 59] - 【searchHouse】测试用例被跳过
2018-09-14 11:21:21,039 [vivoX9] ERROR [gby.appium.listern.TestNGListener.onTestSkipped() Line: 59] - 【f】测试用例被跳过
2018-09-14 11:29:36,673 [vivoX9] ERROR [gby.appium.page.BasePage.findElement() Line: 93] - 【homePageButton】识别失败：识别超时
2018-09-14 11:29:36,677 [vivoX9] ERROR [gby.appium.listern.TestNGListener.onTestSkipped() Line: 59] - 【searchHouse】测试用例被跳过
2018-09-14 11:29:37,319 [vivoX9] ERROR [gby.appium.listern.TestNGListener.onTestSkipped() Line: 59] - 【searchHouse】测试用例被跳过
2018-09-14 11:30:01,778 [vivoX9] ERROR [gby.appium.page.BasePage.findElement() Line: 93] - 【homePageButton】识别失败：识别超时
2018-09-14 11:30:01,780 [vivoX9] ERROR [gby.appium.listern.TestNGListener.onTestFailure() Line: 49] - 【searchHouse】测试用例执行失败
2018-09-14 11:30:03,960 [vivoX9] ERROR [gby.appium.listern.TestNGListener.onTestFailure() Line: 49] - 【searchHouse】测试用例执行失败
2018-09-14 11:30:20,528 [vivoX9] ERROR [gby.appium.page.BasePage.findElement() Line: 93] - 【findRoommateButton】识别失败：识别超时
2018-09-14 11:30:20,530 [vivoX9] ERROR [gby.appium.listern.TestNGListener.onTestSkipped() Line: 59] - 【intoPublisPostPage】测试用例被跳过
2018-09-14 11:30:22,463 [vivoX9] ERROR [gby.appium.listern.TestNGListener.onTestSkipped() Line: 59] - 【intoPublisPostPage】测试用例被跳过
2018-09-14 11:30:27,510 [vivoX9] ERROR [gby.appium.listern.TestNGListener.onTestSkipped() Line: 59] - 【publishRoom】测试用例被跳过
2018-09-14 11:30:29,172 [vivoX9] ERROR [gby.appium.listern.TestNGListener.onTestSkipped() Line: 59] - 【publishRoom】测试用例被跳过
2018-09-14 11:30:44,358 [vivoX9] ERROR [gby.appium.page.BasePage.findElement() Line: 93] - 【mineButton】识别失败：识别超时
2018-09-14 11:36:53,323 [vivoX9] ERROR [gby.appium.page.BasePage.findElement() Line: 93] - 【homePageButton】识别失败：识别超时
2018-09-14 11:36:53,346 [vivoX9] ERROR [gby.appium.listern.TestNGListener.onTestSkipped() Line: 59] - 【searchHouse】测试用例被跳过
2018-09-14 11:37:10,132 [vivoX9] ERROR [gby.appium.page.BasePage.findElement() Line: 93] - 【homePageButton】识别失败：识别超时
2018-09-14 11:37:10,139 [vivoX9] ERROR [gby.appium.listern.TestNGListener.onTestFailure() Line: 49] - 【searchHouse】测试用例执行失败
2018-09-14 11:37:55,158 [vivoX9] ERROR [gby.appium.page.BasePage.findElement() Line: 93] - 【imagesAlbum】识别失败：识别超时
2018-09-14 11:37:55,167 [vivoX9] ERROR [gby.appium.listern.TestNGListener.onTestSkipped() Line: 59] - 【publishRoom】测试用例被跳过
2018-09-14 11:38:58,311 [vivoX9] ERROR [gby.appium.page.BasePage.findElement() Line: 93] - 【titleInput】识别失败：识别超时
2018-09-14 11:38:58,323 [vivoX9] ERROR [gby.appium.listern.TestNGListener.onTestFailure() Line: 49] - 【publishRoom】测试用例执行失败
2018-09-14 11:39:17,909 [vivoX9] ERROR [gby.appium.page.BasePage.findElement() Line: 93] - 【myPostButton】识别失败：识别超时
2018-09-14 12:39:21,745 [vivoX9] ERROR [gby.appium.page.BasePage.findElement() Line: 93] - 【合租】识别失败：识别超时Expected condition failed: waiting for gby.appium.page.BasePage$1@30e618c3 (tried for 15 second(s) with 500 milliseconds interval)
2018-09-14 12:39:44,489 [vivoX9] ERROR [gby.appium.listern.TestNGListener.onTestSkipped() Line: 59] - 【searchHouse】测试用例被跳过
2018-09-14 12:42:46,974 [vivoX9] ERROR [gby.appium.page.BasePage.findElement() Line: 93] - 【userName】识别失败：识别超时Expected condition failed: waiting for gby.appium.page.BasePage$1@674376ce (tried for 15 second(s) with 500 milliseconds interval)
Build info: version: '3.12.0', revision: '7c6e0b3', time: '2018-05-08T14:04:26.12Z'
System info: host: '桂宝元', ip: '192.168.10.77', os.name: 'Windows 7', os.arch: 'amd64', os.version: '6.1', java.version: '1.8.0_171'
Driver info: io.appium.java_client.android.AndroidDriver
Capabilities {app: C:\Users\Administrator\git\..., appActivity: com.loulifang.house.activit..., appPackage: com.loulifang.house, automationName: uiautomator2, databaseEnabled: false, desired: {app: C:\Users\Administrator\git\..., appActivity: com.loulifang.house.activit..., appPackage: com.loulifang.house, automationName: uiautomator2, deviceName: vivoX9, platformName: android, platformVersion: 7.1.2, resetKeyboard: true, udid: 192.168.20.159:5555, unicodeKeyboard: true}, deviceApiLevel: 25, deviceManufacturer: vivo, deviceModel: vivo X9, deviceName: 192.168.20.159:5555, deviceScreenDensity: 480, deviceScreenSize: 1080x1920, deviceUDID: 192.168.20.159:5555, javascriptEnabled: true, locationContextEnabled: false, networkConnectionEnabled: true, pixelRatio: 3, platform: LINUX, platformName: Android, platformVersion: 7.1.2, resetKeyboard: true, statBarHeight: 72, takesScreenshot: true, udid: 192.168.20.159:5555, unicodeKeyboard: true, viewportRect: {height: 1848, left: 0, top: 72, width: 1080}, warnings: {}, webStorageEnabled: false}
Session ID: 02a6f280-e24d-4a90-845b-435baf07ad23
2018-09-14 12:43:22,830 [vivoX9] ERROR [gby.appium.listern.TestNGListener.onTestSkipped() Line: 59] - 【login】测试用例被跳过
2018-09-14 12:46:06,987 [vivoX9] ERROR [gby.appium.page.BasePage.findElement() Line: 93] - 【确定】识别失败：识别超时Expected condition failed: waiting for gby.appium.page.BasePage$1@7cc3c44d (tried for 15 second(s) with 500 milliseconds interval)
2018-09-14 12:46:10,155 [vivoX9] ERROR [gby.appium.listern.TestNGListener.onTestSkipped() Line: 59] - 【searchHouse】测试用例被跳过
2018-09-14 12:49:38,752 [vivoX9] ERROR [gby.appium.listern.TestNGListener.onTestSkipped() Line: 59] - 【searchHouse】测试用例被跳过
2018-09-14 12:51:07,931 [vivoX9] ERROR [gby.appium.listern.TestNGListener.onTestFailure() Line: 49] - 【searchHouse】测试用例执行失败
2018-09-14 12:51:07,958 [vivoX9] ERROR [gby.appium.listern.TestNGListener.onTestFailure() Line: 49] - 【searchHouse】测试用例执行失败
2018-09-14 13:04:11,183 [vivoX9] ERROR [gby.appium.listern.TestNGListener.onTestSkipped() Line: 59] - 【searchHouse】测试用例被跳过
2018-09-14 13:04:52,200 [vivoX9] ERROR [gby.appium.listern.TestNGListener.onTestFailure() Line: 49] - 【searchHouse】测试用例执行失败
2018-09-14 13:05:46,141 [vivoX9] ERROR [gby.appium.page.BasePage.findElement() Line: 93] - 【myPostButton】识别失败：识别超时Expected condition failed: waiting for gby.appium.page.BasePage$1@7a2f4e7c (tried for 15 second(s) with 500 milliseconds interval)
Build info: version: '3.12.0', revision: '7c6e0b3', time: '2018-05-08T14:04:26.12Z'
System info: host: '桂宝元', ip: '192.168.10.77', os.name: 'Windows 7', os.arch: 'amd64', os.version: '6.1', java.version: '1.8.0_171'
Driver info: io.appium.java_client.android.AndroidDriver
Capabilities {app: C:\Users\Administrator\git\..., appActivity: com.loulifang.house.activit..., appPackage: com.loulifang.house, automationName: uiautomator2, databaseEnabled: false, desired: {app: C:\Users\Administrator\git\..., appActivity: com.loulifang.house.activit..., appPackage: com.loulifang.house, automationName: uiautomator2, deviceName: vivoX9, platformName: android, platformVersion: 7.1.2, resetKeyboard: true, udid: 192.168.20.159:5555, unicodeKeyboard: true}, deviceApiLevel: 25, deviceManufacturer: vivo, deviceModel: vivo X9, deviceName: 192.168.20.159:5555, deviceScreenDensity: 480, deviceScreenSize: 1080x1920, deviceUDID: 192.168.20.159:5555, javascriptEnabled: true, locationContextEnabled: false, networkConnectionEnabled: true, pixelRatio: 3, platform: LINUX, platformName: Android, platformVersion: 7.1.2, resetKeyboard: true, statBarHeight: 72, takesScreenshot: true, udid: 192.168.20.159:5555, unicodeKeyboard: true, viewportRect: {height: 1848, left: 0, top: 72, width: 1080}, warnings: {}, webStorageEnabled: false}
Session ID: 8622b086-7d02-4129-96f3-ae13693833fb
2018-09-14 13:26:30,094 [vivoX9] ERROR [gby.appium.listern.TestNGListener.onTestSkipped() Line: 59] - 【searchHouse】测试用例被跳过
2018-09-14 13:27:52,547 [vivoX9] ERROR [gby.appium.page.BasePage.findElement() Line: 93] - 【myPostButton】识别失败：识别超时Expected condition failed: waiting for gby.appium.page.BasePage$1@1680fe9c (tried for 15 second(s) with 500 milliseconds interval)
Build info: version: '3.12.0', revision: '7c6e0b3', time: '2018-05-08T14:04:26.12Z'
System info: host: '桂宝元', ip: '192.168.10.77', os.name: 'Windows 7', os.arch: 'amd64', os.version: '6.1', java.version: '1.8.0_171'
Driver info: io.appium.java_client.android.AndroidDriver
Capabilities {app: C:\Users\Administrator\git\..., appActivity: com.loulifang.house.activit..., appPackage: com.loulifang.house, automationName: uiautomator2, databaseEnabled: false, desired: {app: C:\Users\Administrator\git\..., appActivity: com.loulifang.house.activit..., appPackage: com.loulifang.house, automationName: uiautomator2, deviceName: vivoX9, platformName: android, platformVersion: 7.1.2, resetKeyboard: true, udid: 192.168.20.159:5555, unicodeKeyboard: true}, deviceApiLevel: 25, deviceManufacturer: vivo, deviceModel: vivo X9, deviceName: 192.168.20.159:5555, deviceScreenDensity: 480, deviceScreenSize: 1080x1920, deviceUDID: 192.168.20.159:5555, javascriptEnabled: true, locationContextEnabled: false, networkConnectionEnabled: true, pixelRatio: 3, platform: LINUX, platformName: Android, platformVersion: 7.1.2, resetKeyboard: true, statBarHeight: 72, takesScreenshot: true, udid: 192.168.20.159:5555, unicodeKeyboard: true, viewportRect: {height: 1848, left: 0, top: 72, width: 1080}, warnings: {}, webStorageEnabled: false}
Session ID: 3bb88c0f-80dd-4edc-8679-7640a18ad565
