2018-09-06 14:53:32,132 [vivoX9] ERROR [gby.appium.page.BasePage.findElement() Line: 93] - 【loginButton】识别失败：识别超时
2018-09-06 14:53:32,154 [vivoX9] ERROR [gby.appium.listern.TestNGListener.onTestSkipped() Line: 59] - 【intoPublisPostPage】测试用例被跳过
2018-09-06 14:53:47,747 [vivoX9] ERROR [gby.appium.page.BasePage.findElement() Line: 93] - 【homePageButton】识别失败：识别超时
2018-09-06 14:54:02,762 [vivoX9] ERROR [gby.appium.page.BasePage.findElement() Line: 93] - 【findRoommateButton】识别失败：识别超时
2018-09-06 14:54:02,766 [vivoX9] ERROR [gby.appium.listern.TestNGListener.onTestFailure() Line: 49] - 【intoPublisPostPage】测试用例执行失败
2018-09-06 14:54:18,824 [vivoX9] ERROR [gby.appium.page.BasePage.findElement() Line: 93] - 【homePageButton】识别失败：识别超时
2018-09-06 14:54:18,828 [vivoX9] ERROR [gby.appium.listern.TestNGListener.onTestFailure() Line: 49] - 【intoPublisPostPage】测试用例执行失败
2018-09-06 14:54:22,039 [vivoX9] ERROR [gby.appium.listern.TestNGListener.onTestSkipped() Line: 59] - 【publishRoom】测试用例被跳过
2018-09-06 14:54:38,219 [vivoX9] ERROR [gby.appium.page.BasePage.findElement() Line: 93] - 【myPostButton】识别失败：识别超时
2018-09-06 15:02:36,245 [vivoX9] ERROR [gby.appium.page.BasePage.findElement() Line: 93] - 【loginButton】识别失败：识别超时
2018-09-06 15:02:36,252 [vivoX9] ERROR [gby.appium.listern.TestNGListener.onTestSkipped() Line: 59] - 【intoPublisPostPage】测试用例被跳过
2018-09-06 15:02:52,458 [vivoX9] ERROR [gby.appium.page.BasePage.findElement() Line: 93] - 【findRoommateButton】识别失败：识别超时
2018-09-06 15:02:52,466 [vivoX9] ERROR [gby.appium.listern.TestNGListener.onTestFailure() Line: 49] - 【intoPublisPostPage】测试用例执行失败
2018-09-06 15:02:53,834 [vivoX9] ERROR [gby.appium.listern.TestNGListener.onTestFailure() Line: 49] - 【intoPublisPostPage】测试用例执行失败
2018-09-06 15:02:55,886 [vivoX9] ERROR [gby.appium.listern.TestNGListener.onTestSkipped() Line: 59] - 【publishRoom】测试用例被跳过
2018-09-06 15:03:11,757 [vivoX9] ERROR [gby.appium.page.BasePage.findElement() Line: 93] - 【myPostButton】识别失败：识别超时
2018-09-06 15:32:56,405 [vivoX9] ERROR [gby.appium.page.BasePage.findElement() Line: 93] - 【loginButton】识别失败：识别超时
2018-09-06 15:32:56,417 [vivoX9] ERROR [gby.appium.listern.TestNGListener.onTestSkipped() Line: 59] - 【intoPublisPostPage】测试用例被跳过
2018-09-06 15:33:09,403 [vivoX9] ERROR [gby.appium.listern.TestNGListener.onTestSkipped() Line: 59] - 【publishRoom】测试用例被跳过
2018-09-06 15:33:26,595 [vivoX9] ERROR [gby.appium.page.BasePage.findElement() Line: 93] - 【myPostButton】识别失败：识别超时
2018-09-06 15:34:43,512 [vivoX9] ERROR [gby.appium.page.BasePage.findElement() Line: 93] - 【loginButton】识别失败：识别超时
2018-09-06 15:34:43,516 [vivoX9] ERROR [gby.appium.listern.TestNGListener.onTestSkipped() Line: 59] - 【intoPublisPostPage】测试用例被跳过
2018-09-06 15:34:57,428 [vivoX9] ERROR [gby.appium.listern.TestNGListener.onTestSkipped() Line: 59] - 【publishRoom】测试用例被跳过
2018-09-06 15:35:14,572 [vivoX9] ERROR [gby.appium.page.BasePage.findElement() Line: 93] - 【myPostButton】识别失败：识别超时
