2018-09-13 00:29:31,060 [vivoX9] DEBUG [gby.testng.testcase.InitDriverCase.f() Line: 38] - deviceName: vivoX9
2018-09-13 00:29:31,297 [vivoX9] DEBUG [gby.appium.utils.CommandPromptUtil.getBufferedReader() Line: 84] - 执行命令：[cmd, /c, adb connect 192.168.0.100:5555]
2018-09-13 00:29:31,457 [vivoX9] DEBUG [gby.appium.utils.CommandPromptUtil.runCommandThruProcess() Line: 41] - 命令结果：already connected to 192.168.0.100:5555
2018-09-13 00:29:34,031 [vivoX9] INFO  [gby.appium.listern.TestngRetry.retry() Line: 21] - 测试类：'gby.appium.listern.TestngRetry' 中的测试方法：'f' 执行失败，重试第 1 次
2018-09-13 00:29:34,036 [vivoX9] ERROR [gby.appium.listern.TestNGListener.onTestSkipped() Line: 59] - 【f】测试用例被跳过
2018-09-13 00:29:34,164 [vivoX9] INFO  [gby.appium.listern.TestNGListener.onTestStart() Line: 34] - 【f】测试用例开始执行
2018-09-13 00:29:34,166 [vivoX9] DEBUG [gby.testng.testcase.InitDriverCase.f() Line: 38] - deviceName: vivoX9
2018-09-13 00:29:34,177 [vivoX9] DEBUG [gby.appium.utils.CommandPromptUtil.getBufferedReader() Line: 84] - 执行命令：[cmd, /c, adb connect 192.168.0.100:5555]
2018-09-13 00:29:34,313 [vivoX9] DEBUG [gby.appium.utils.CommandPromptUtil.runCommandThruProcess() Line: 41] - 命令结果：already connected to 192.168.0.100:5555
2018-09-13 00:29:36,705 [vivoX9] ERROR [gby.appium.listern.TestNGListener.onTestFailure() Line: 49] - 【f】测试用例执行失败
2018-09-13 00:29:36,715 [vivoX9] ERROR [gby.appium.listern.TestNGListener.onTestFailure() Line: 49] - 【f】测试用例执行失败
2018-09-13 00:29:36,717 [vivoX9] INFO  [gby.appium.listern.TestNGListener.onFinish() Line: 66] - 测试执行完毕
2018-09-13 00:36:16,957 [vivoX9] DEBUG [gby.testng.testcase.InitDriverCase.f() Line: 38] - deviceName: vivoX9
2018-09-13 00:36:17,127 [vivoX9] DEBUG [gby.appium.utils.CommandPromptUtil.getBufferedReader() Line: 84] - 执行命令：[cmd, /c, adb connect 192.168.0.100:5555]
2018-09-13 00:36:17,303 [vivoX9] DEBUG [gby.appium.utils.CommandPromptUtil.runCommandThruProcess() Line: 41] - 命令结果：already connected to 192.168.0.100:5555
2018-09-13 00:36:18,947 [vivoX9] INFO  [gby.appium.listern.TestngRetry.retry() Line: 21] - 测试类：'gby.appium.listern.TestngRetry' 中的测试方法：'f' 执行失败，重试第 1 次
2018-09-13 00:36:18,953 [vivoX9] ERROR [gby.appium.listern.TestNGListener.onTestSkipped() Line: 59] - 【f】测试用例被跳过
2018-09-13 00:36:19,026 [vivoX9] INFO  [gby.appium.listern.TestNGListener.onTestStart() Line: 34] - 【f】测试用例开始执行
2018-09-13 00:36:19,027 [vivoX9] DEBUG [gby.testng.testcase.InitDriverCase.f() Line: 38] - deviceName: vivoX9
2018-09-13 00:36:19,044 [vivoX9] DEBUG [gby.appium.utils.CommandPromptUtil.getBufferedReader() Line: 84] - 执行命令：[cmd, /c, adb connect 192.168.0.100:5555]
2018-09-13 00:36:19,258 [vivoX9] DEBUG [gby.appium.utils.CommandPromptUtil.runCommandThruProcess() Line: 41] - 命令结果：already connected to 192.168.0.100:5555
2018-09-13 00:36:20,817 [vivoX9] ERROR [gby.appium.listern.TestNGListener.onTestFailure() Line: 49] - 【f】测试用例执行失败
2018-09-13 00:36:20,834 [vivoX9] ERROR [gby.appium.listern.TestNGListener.onTestFailure() Line: 49] - 【f】测试用例执行失败
2018-09-13 00:36:20,837 [vivoX9] INFO  [gby.appium.listern.TestNGListener.onFinish() Line: 66] - 测试执行完毕
2018-09-13 00:46:21,437 [vivoX9] DEBUG [gby.testng.testcase.InitDriverCase.f() Line: 38] - deviceName: vivoX9
2018-09-13 00:46:21,615 [vivoX9] DEBUG [gby.appium.utils.CommandPromptUtil.getBufferedReader() Line: 84] - 执行命令：[cmd, /c, adb connect 192.168.0.100:5555]
2018-09-13 00:46:21,703 [vivoX9] DEBUG [gby.appium.utils.CommandPromptUtil.runCommandThruProcess() Line: 41] - 命令结果：already connected to 192.168.0.100:5555
2018-09-13 00:46:24,224 [vivoX9] INFO  [gby.appium.listern.TestngRetry.retry() Line: 21] - 测试类：'gby.appium.listern.TestngRetry' 中的测试方法：'f' 执行失败，重试第 1 次
2018-09-13 00:46:24,228 [vivoX9] ERROR [gby.appium.listern.TestNGListener.onTestSkipped() Line: 59] - 【f】测试用例被跳过
2018-09-13 00:46:24,319 [vivoX9] INFO  [gby.appium.listern.TestNGListener.onTestStart() Line: 34] - 【f】测试用例开始执行
2018-09-13 00:46:24,324 [vivoX9] DEBUG [gby.testng.testcase.InitDriverCase.f() Line: 38] - deviceName: vivoX9
2018-09-13 00:46:24,349 [vivoX9] DEBUG [gby.appium.utils.CommandPromptUtil.getBufferedReader() Line: 84] - 执行命令：[cmd, /c, adb connect 192.168.0.100:5555]
2018-09-13 00:46:24,585 [vivoX9] DEBUG [gby.appium.utils.CommandPromptUtil.runCommandThruProcess() Line: 41] - 命令结果：already connected to 192.168.0.100:5555
2018-09-13 00:46:27,005 [vivoX9] ERROR [gby.appium.listern.TestNGListener.onTestFailure() Line: 49] - 【f】测试用例执行失败
2018-09-13 00:46:27,012 [vivoX9] ERROR [gby.appium.listern.TestNGListener.onTestFailure() Line: 49] - 【f】测试用例执行失败
2018-09-13 00:46:27,014 [vivoX9] INFO  [gby.appium.listern.TestNGListener.onFinish() Line: 66] - 测试执行完毕
2018-09-13 00:58:19,137 [vivoX9] DEBUG [gby.testng.testcase.InitDriverCase.f() Line: 38] - deviceName: vivoX9
2018-09-13 00:58:19,307 [vivoX9] DEBUG [gby.appium.utils.CommandPromptUtil.getBufferedReader() Line: 84] - 执行命令：[cmd, /c, adb connect 192.168.0.100:5555]
2018-09-13 00:58:23,020 [vivoX9] DEBUG [gby.appium.utils.CommandPromptUtil.runCommandThruProcess() Line: 41] - 命令结果：already connected to 192.168.0.100:5555
2018-09-13 01:00:25,697 [vivoX9] INFO  [gby.appium.listern.TestngRetry.retry() Line: 21] - 测试类：'gby.appium.listern.TestngRetry' 中的测试方法：'f' 执行失败，重试第 1 次
2018-09-13 01:00:25,711 [vivoX9] ERROR [gby.appium.listern.TestNGListener.onTestSkipped() Line: 59] - 【f】测试用例被跳过
2018-09-13 01:00:25,778 [vivoX9] INFO  [gby.appium.listern.TestNGListener.onTestStart() Line: 34] - 【f】测试用例开始执行
2018-09-13 01:00:25,778 [vivoX9] DEBUG [gby.testng.testcase.InitDriverCase.f() Line: 38] - deviceName: vivoX9
2018-09-13 01:00:25,787 [vivoX9] DEBUG [gby.appium.utils.CommandPromptUtil.getBufferedReader() Line: 84] - 执行命令：[cmd, /c, adb connect 192.168.0.100:5555]
2018-09-13 01:00:26,523 [vivoX9] DEBUG [gby.appium.utils.CommandPromptUtil.runCommandThruProcess() Line: 41] - 命令结果：already connected to 192.168.0.100:5555
2018-09-13 01:00:28,926 [vivoX9] ERROR [gby.appium.listern.TestNGListener.onTestFailure() Line: 49] - 【f】测试用例执行失败
2018-09-13 01:00:28,944 [vivoX9] ERROR [gby.appium.listern.TestNGListener.onTestFailure() Line: 49] - 【f】测试用例执行失败
2018-09-13 01:00:28,948 [vivoX9] INFO  [gby.appium.listern.TestNGListener.onFinish() Line: 66] - 测试执行完毕
2018-09-13 12:39:23,107 [vivoX9] DEBUG [gby.testng.testcase.InitDriverCase.f() Line: 38] - deviceName: vivoX9
2018-09-13 12:39:23,283 [vivoX9] DEBUG [gby.appium.utils.CommandPromptUtil.getBufferedReader() Line: 84] - 执行命令：[cmd, /c, adb connect 192.168.0.100:5555]
2018-09-13 12:40:02,648 [vivoX9] DEBUG [gby.testng.testcase.InitDriverCase.f() Line: 38] - deviceName: vivoX9
2018-09-13 12:40:02,803 [vivoX9] DEBUG [gby.appium.utils.CommandPromptUtil.getBufferedReader() Line: 84] - 执行命令：[cmd, /c, adb connect 192.168.0.100:5555]
2018-09-13 12:40:23,897 [vivoX9] DEBUG [gby.appium.utils.CommandPromptUtil.runCommandThruProcess() Line: 41] - 命令结果：unable to connect to 192.168.0.100:5555: cannot connect to 192.168.0.100:5555: 由于连接方在一段时间后没有正确答复或连接的主机没有反应，连接尝试失败。 (10060)
2018-09-13 12:40:23,938 [vivoX9] DEBUG [gby.appium.utils.CommandPromptUtil.getBufferedReader() Line: 84] - 执行命令：[cmd, /c, adb devices]
2018-09-13 12:40:24,024 [vivoX9] DEBUG [gby.appium.utils.CommandPromptUtil.runCommand() Line: 65] - 命令结果：[List of devices attached, 192.168.20.159:5555	device, ]
2018-09-13 12:40:24,025 [vivoX9] DEBUG [gby.appium.deviceM.DevicesManager.adbDevices() Line: 180] - []
2018-09-13 12:40:33,172 [vivoX9] INFO  [gby.appium.listern.TestngRetry.retry() Line: 21] - 测试类：'gby.appium.listern.TestngRetry' 中的测试方法：'f' 执行失败，重试第 1 次
2018-09-13 12:40:33,182 [vivoX9] ERROR [gby.appium.listern.TestNGListener.onTestSkipped() Line: 59] - 【f】测试用例被跳过
2018-09-13 12:40:33,206 [vivoX9] INFO  [gby.appium.listern.TestNGListener.onTestStart() Line: 34] - 【f】测试用例开始执行
2018-09-13 12:40:33,206 [vivoX9] DEBUG [gby.testng.testcase.InitDriverCase.f() Line: 38] - deviceName: vivoX9
2018-09-13 12:40:33,235 [vivoX9] DEBUG [gby.appium.utils.CommandPromptUtil.getBufferedReader() Line: 84] - 执行命令：[cmd, /c, adb connect 192.168.0.100:5555]
2018-09-13 12:40:54,313 [vivoX9] DEBUG [gby.appium.utils.CommandPromptUtil.runCommandThruProcess() Line: 41] - 命令结果：unable to connect to 192.168.0.100:5555: cannot connect to 192.168.0.100:5555: 由于连接方在一段时间后没有正确答复或连接的主机没有反应，连接尝试失败。 (10060)
2018-09-13 12:40:54,360 [vivoX9] DEBUG [gby.appium.utils.CommandPromptUtil.getBufferedReader() Line: 84] - 执行命令：[cmd, /c, adb devices]
2018-09-13 12:40:54,446 [vivoX9] DEBUG [gby.appium.utils.CommandPromptUtil.runCommand() Line: 65] - 命令结果：[List of devices attached, 192.168.20.159:5555	device, ]
2018-09-13 12:40:54,446 [vivoX9] DEBUG [gby.appium.deviceM.DevicesManager.adbDevices() Line: 180] - []
2018-09-13 12:40:58,132 [vivoX9] ERROR [gby.appium.listern.TestNGListener.onTestFailure() Line: 49] - 【f】测试用例执行失败
2018-09-13 12:40:58,137 [vivoX9] ERROR [gby.appium.listern.TestNGListener.onTestFailure() Line: 49] - 【f】测试用例执行失败
2018-09-13 12:40:58,207 [vivoX9] INFO  [gby.appium.listern.TestNGListener.onFinish() Line: 66] - 测试执行完毕
2018-09-13 12:41:32,419 [vivoX9] DEBUG [gby.testng.testcase.InitDriverCase.f() Line: 38] - deviceName: vivoX9
2018-09-13 12:41:32,586 [vivoX9] DEBUG [gby.appium.utils.CommandPromptUtil.getBufferedReader() Line: 84] - 执行命令：[cmd, /c, adb connect 192.168.0.100:5555]
2018-09-13 12:41:53,690 [vivoX9] DEBUG [gby.appium.utils.CommandPromptUtil.runCommandThruProcess() Line: 41] - 命令结果：unable to connect to 192.168.0.100:5555: cannot connect to 192.168.0.100:5555: 由于连接方在一段时间后没有正确答复或连接的主机没有反应，连接尝试失败。 (10060)
2018-09-13 12:41:53,736 [vivoX9] DEBUG [gby.appium.utils.CommandPromptUtil.getBufferedReader() Line: 84] - 执行命令：[cmd, /c, adb devices]
2018-09-13 12:41:53,823 [vivoX9] DEBUG [gby.appium.utils.CommandPromptUtil.runCommand() Line: 65] - 命令结果：[List of devices attached, 192.168.20.159:5555	device, ]
2018-09-13 12:41:53,824 [vivoX9] DEBUG [gby.appium.deviceM.DevicesManager.adbDevices() Line: 180] - []
2018-09-13 12:42:01,738 [vivoX9] INFO  [gby.appium.listern.TestngRetry.retry() Line: 21] - 测试类：'gby.appium.listern.TestngRetry' 中的测试方法：'f' 执行失败，重试第 1 次
2018-09-13 12:42:01,748 [vivoX9] ERROR [gby.appium.listern.TestNGListener.onTestSkipped() Line: 59] - 【f】测试用例被跳过
2018-09-13 12:42:01,768 [vivoX9] INFO  [gby.appium.listern.TestNGListener.onTestStart() Line: 34] - 【f】测试用例开始执行
2018-09-13 12:42:01,769 [vivoX9] DEBUG [gby.testng.testcase.InitDriverCase.f() Line: 38] - deviceName: vivoX9
2018-09-13 12:42:01,798 [vivoX9] DEBUG [gby.appium.utils.CommandPromptUtil.getBufferedReader() Line: 84] - 执行命令：[cmd, /c, adb connect 192.168.0.100:5555]
2018-09-13 12:42:22,889 [vivoX9] DEBUG [gby.appium.utils.CommandPromptUtil.runCommandThruProcess() Line: 41] - 命令结果：unable to connect to 192.168.0.100:5555: cannot connect to 192.168.0.100:5555: 由于连接方在一段时间后没有正确答复或连接的主机没有反应，连接尝试失败。 (10060)
2018-09-13 12:42:22,926 [vivoX9] DEBUG [gby.appium.utils.CommandPromptUtil.getBufferedReader() Line: 84] - 执行命令：[cmd, /c, adb devices]
2018-09-13 12:42:23,018 [vivoX9] DEBUG [gby.appium.utils.CommandPromptUtil.runCommand() Line: 65] - 命令结果：[List of devices attached, 192.168.20.159:5555	device, ]
2018-09-13 12:42:23,019 [vivoX9] DEBUG [gby.appium.deviceM.DevicesManager.adbDevices() Line: 180] - []
2018-09-13 12:42:26,711 [vivoX9] ERROR [gby.appium.listern.TestNGListener.onTestFailure() Line: 49] - 【f】测试用例执行失败
2018-09-13 12:42:26,716 [vivoX9] ERROR [gby.appium.listern.TestNGListener.onTestFailure() Line: 49] - 【f】测试用例执行失败
2018-09-13 12:42:26,783 [vivoX9] INFO  [gby.appium.listern.TestNGListener.onFinish() Line: 66] - 测试执行完毕
2018-09-13 12:43:49,845 [vivoX9] DEBUG [gby.testng.testcase.InitDriverCase.f() Line: 38] - deviceName: vivoX9
2018-09-13 12:43:50,005 [vivoX9] DEBUG [gby.appium.utils.CommandPromptUtil.getBufferedReader() Line: 84] - 执行命令：[cmd, /c, adb connect 192.168.0.100:5555]
2018-09-13 12:44:57,529 [vivoX9] DEBUG [gby.testng.testcase.InitDriverCase.f() Line: 38] - deviceName: vivoX9
2018-09-13 12:44:57,688 [vivoX9] DEBUG [gby.appium.utils.CommandPromptUtil.getBufferedReader() Line: 84] - 执行命令：[cmd, /c, adb connect 192.168.20.159:5555]
2018-09-13 12:44:57,818 [vivoX9] DEBUG [gby.appium.utils.CommandPromptUtil.runCommandThruProcess() Line: 41] - 命令结果：already connected to 192.168.20.159:5555
2018-09-13 12:45:30,319 [vivoX9] INFO  [gby.appium.deviceM.InitDriver.<init>() Line: 82] - AndroidDriver初始化完成，打开app成功
2018-09-13 12:45:30,324 [vivoX9] INFO  [gby.appium.listern.TestNGListener.onTestSuccess() Line: 41] - 【f】测试用例执行成功
2018-09-13 12:45:30,327 [vivoX9] INFO  [gby.appium.listern.TestNGListener.onTestStart() Line: 34] - 【login】测试用例开始执行
2018-09-13 12:45:30,588 [vivoX9] INFO  [gby.appium.page.BasePage.findEleBy() Line: 137] - 【mineButton】暂未找到，轮询中...
2018-09-13 12:45:31,148 [vivoX9] INFO  [gby.appium.page.BasePage.findEleBy() Line: 137] - 【mineButton】暂未找到，轮询中...
2018-09-13 12:45:33,369 [vivoX9] INFO  [gby.appium.page.BasePage.findEleBy() Line: 135] - 【mineButton】识别成功
2018-09-13 12:45:34,118 [vivoX9] INFO  [gby.appium.page.BasePage.findEleBy() Line: 135] - 【loginButton】识别成功
2018-09-13 12:45:35,319 [vivoX9] INFO  [gby.appium.page.BasePage.findEleBy() Line: 135] - 【userName】识别成功
2018-09-13 12:45:36,539 [vivoX9] INFO  [gby.appium.page.BasePage.findEleBy() Line: 135] - 【password】识别成功
2018-09-13 12:45:37,648 [vivoX9] INFO  [gby.appium.page.BasePage.findEleBy() Line: 135] - 【loginButton】识别成功
2018-09-13 12:45:38,147 [vivoX9] ERROR [gby.appium.page.BasePage.findElement() Line: 93] - 【phoneNumber】识别失败：识别超时
2018-09-13 12:45:38,150 [vivoX9] INFO  [gby.appium.listern.TestngRetry.retry() Line: 21] - 测试类：'gby.appium.listern.TestngRetry' 中的测试方法：'login' 执行失败，重试第 1 次
2018-09-13 12:45:38,155 [vivoX9] ERROR [gby.appium.listern.TestNGListener.onTestSkipped() Line: 59] - 【login】测试用例被跳过
2018-09-13 12:45:38,948 [vivoX9] INFO  [gby.appium.page.BasePage.findElesBy() Line: 170] - 【homePageButton】未找到，识别失败,元素list长度为0
2018-09-13 12:45:38,949 [vivoX9] INFO  [gby.appium.page.BasePage.backToHome() Line: 261] - 正在返回首页...
2018-09-13 12:45:39,023 [vivoX9] INFO  [gby.appium.page.BasePage.findElesBy() Line: 170] - 【homePageButton】未找到，识别失败,元素list长度为0
2018-09-13 12:45:39,024 [vivoX9] INFO  [gby.appium.page.BasePage.backToHome() Line: 261] - 正在返回首页...
2018-09-13 12:45:39,081 [vivoX9] INFO  [gby.appium.page.BasePage.findElesBy() Line: 170] - 【homePageButton】未找到，识别失败,元素list长度为0
2018-09-13 12:45:39,081 [vivoX9] INFO  [gby.appium.page.BasePage.backToHome() Line: 261] - 正在返回首页...
2018-09-13 12:45:39,142 [vivoX9] INFO  [gby.appium.page.BasePage.findElesBy() Line: 170] - 【homePageButton】未找到，识别失败,元素list长度为0
2018-09-13 12:45:39,142 [vivoX9] INFO  [gby.appium.page.BasePage.backToHome() Line: 261] - 正在返回首页...
2018-09-13 12:45:39,223 [vivoX9] INFO  [gby.appium.page.BasePage.findElesBy() Line: 170] - 【homePageButton】未找到，识别失败,元素list长度为0
2018-09-13 12:45:39,223 [vivoX9] INFO  [gby.appium.page.BasePage.backToHome() Line: 261] - 正在返回首页...
2018-09-13 12:45:40,372 [vivoX9] INFO  [gby.appium.page.BasePage.findElesBy() Line: 168] - 【homePageButton】识别成功
2018-09-13 12:45:40,373 [vivoX9] INFO  [gby.appium.page.BasePage.backToHome() Line: 261] - 正在返回首页...
2018-09-13 12:45:40,374 [vivoX9] INFO  [gby.appium.page.BasePage.backToHome() Line: 263] - 已返回首页
2018-09-13 12:45:40,383 [vivoX9] INFO  [gby.appium.listern.TestNGListener.onTestStart() Line: 34] - 【login】测试用例开始执行
2018-09-13 12:45:40,442 [vivoX9] INFO  [gby.appium.page.BasePage.findEleBy() Line: 135] - 【mineButton】识别成功
2018-09-13 12:45:41,253 [vivoX9] INFO  [gby.appium.page.BasePage.findEleBy() Line: 135] - 【loginButton】识别成功
2018-09-13 12:45:41,498 [vivoX9] INFO  [gby.appium.page.BasePage.findEleBy() Line: 137] - 【userName】暂未找到，轮询中...
2018-09-13 12:45:42,453 [vivoX9] INFO  [gby.appium.page.BasePage.findEleBy() Line: 137] - 【userName】暂未找到，轮询中...
2018-09-13 12:45:43,012 [vivoX9] INFO  [gby.appium.page.BasePage.findEleBy() Line: 137] - 【userName】暂未找到，轮询中...
2018-09-13 12:45:43,567 [vivoX9] INFO  [gby.appium.page.BasePage.findEleBy() Line: 137] - 【userName】暂未找到，轮询中...
2018-09-13 12:45:44,242 [vivoX9] INFO  [gby.appium.page.BasePage.findEleBy() Line: 137] - 【userName】暂未找到，轮询中...
2018-09-13 12:45:44,796 [vivoX9] INFO  [gby.appium.page.BasePage.findEleBy() Line: 137] - 【userName】暂未找到，轮询中...
2018-09-13 12:45:45,343 [vivoX9] INFO  [gby.appium.page.BasePage.findEleBy() Line: 137] - 【userName】暂未找到，轮询中...
2018-09-13 12:45:45,907 [vivoX9] INFO  [gby.appium.page.BasePage.findEleBy() Line: 137] - 【userName】暂未找到，轮询中...
2018-09-13 12:45:46,458 [vivoX9] INFO  [gby.appium.page.BasePage.findEleBy() Line: 137] - 【userName】暂未找到，轮询中...
2018-09-13 12:45:47,241 [vivoX9] INFO  [gby.appium.page.BasePage.findEleBy() Line: 137] - 【userName】暂未找到，轮询中...
2018-09-13 12:45:47,792 [vivoX9] INFO  [gby.appium.page.BasePage.findEleBy() Line: 137] - 【userName】暂未找到，轮询中...
2018-09-13 12:45:48,358 [vivoX9] INFO  [gby.appium.page.BasePage.findEleBy() Line: 137] - 【userName】暂未找到，轮询中...
2018-09-13 12:45:49,034 [vivoX9] INFO  [gby.appium.page.BasePage.findEleBy() Line: 137] - 【userName】暂未找到，轮询中...
2018-09-13 12:45:49,582 [vivoX9] INFO  [gby.appium.page.BasePage.findEleBy() Line: 137] - 【userName】暂未找到，轮询中...
2018-09-13 12:45:50,855 [vivoX9] INFO  [gby.appium.page.BasePage.findEleBy() Line: 137] - 【userName】暂未找到，轮询中...
2018-09-13 12:45:51,436 [vivoX9] INFO  [gby.appium.page.BasePage.findEleBy() Line: 137] - 【userName】暂未找到，轮询中...
2018-09-13 12:45:52,076 [vivoX9] INFO  [gby.appium.page.BasePage.findEleBy() Line: 137] - 【userName】暂未找到，轮询中...
2018-09-13 12:45:52,666 [vivoX9] INFO  [gby.appium.page.BasePage.findEleBy() Line: 137] - 【userName】暂未找到，轮询中...
2018-09-13 12:45:53,287 [vivoX9] INFO  [gby.appium.page.BasePage.findEleBy() Line: 137] - 【userName】暂未找到，轮询中...
2018-09-13 12:45:53,854 [vivoX9] INFO  [gby.appium.page.BasePage.findEleBy() Line: 137] - 【userName】暂未找到，轮询中...
2018-09-13 12:45:54,470 [vivoX9] INFO  [gby.appium.page.BasePage.findEleBy() Line: 137] - 【userName】暂未找到，轮询中...
2018-09-13 12:45:55,059 [vivoX9] INFO  [gby.appium.page.BasePage.findEleBy() Line: 137] - 【userName】暂未找到，轮询中...
2018-09-13 12:45:55,640 [vivoX9] INFO  [gby.appium.page.BasePage.findEleBy() Line: 137] - 【userName】暂未找到，轮询中...
2018-09-13 12:45:56,277 [vivoX9] INFO  [gby.appium.page.BasePage.findEleBy() Line: 137] - 【userName】暂未找到，轮询中...
2018-09-13 12:45:56,869 [vivoX9] INFO  [gby.appium.page.BasePage.findEleBy() Line: 137] - 【userName】暂未找到，轮询中...
2018-09-13 12:45:56,872 [vivoX9] ERROR [gby.appium.page.BasePage.findElement() Line: 93] - 【userName】识别失败：识别超时
2018-09-13 12:45:56,877 [vivoX9] ERROR [gby.appium.listern.TestNGListener.onTestFailure() Line: 49] - 【login】测试用例执行失败
2018-09-13 20:25:44,230 [vivoX9] DEBUG [gby.testng.testcase.InitDriverCase.f() Line: 38] - deviceName: vivoX9
2018-09-13 20:25:44,394 [vivoX9] DEBUG [gby.appium.utils.CommandPromptUtil.getBufferedReader() Line: 84] - 执行命令：[cmd, /c, adb connect 192.168.20.159:5555]
2018-09-13 20:25:44,488 [vivoX9] DEBUG [gby.appium.utils.CommandPromptUtil.runCommandThruProcess() Line: 41] - 命令结果：already connected to 192.168.20.159:5555
2018-09-13 20:26:19,017 [vivoX9] INFO  [gby.appium.deviceM.InitDriver.<init>() Line: 82] - AndroidDriver初始化完成，打开app成功
2018-09-13 20:26:19,022 [vivoX9] INFO  [gby.appium.listern.TestNGListener.onTestSuccess() Line: 41] - 【f】测试用例执行成功
2018-09-13 20:26:19,026 [vivoX9] INFO  [gby.appium.listern.TestNGListener.onTestStart() Line: 34] - 【login】测试用例开始执行
2018-09-13 20:26:19,426 [vivoX9] INFO  [gby.appium.page.BasePage.findEleBy() Line: 143] - 【mineButton】暂未找到，轮询中...
2018-09-13 20:26:19,992 [vivoX9] INFO  [gby.appium.page.BasePage.findEleBy() Line: 143] - 【mineButton】暂未找到，轮询中...
2018-09-13 20:26:20,557 [vivoX9] INFO  [gby.appium.page.BasePage.findEleBy() Line: 143] - 【mineButton】暂未找到，轮询中...
2018-09-13 20:26:21,116 [vivoX9] INFO  [gby.appium.page.BasePage.findEleBy() Line: 143] - 【mineButton】暂未找到，轮询中...
2018-09-13 20:26:22,349 [vivoX9] INFO  [gby.appium.page.BasePage.findEleBy() Line: 141] - 【mineButton】识别成功
2018-09-13 20:26:23,101 [vivoX9] INFO  [gby.appium.page.BasePage.findEleBy() Line: 141] - 【loginButton】识别成功
2018-09-13 20:26:23,376 [vivoX9] INFO  [gby.appium.page.BasePage.findEleBy() Line: 143] - 【userName】暂未找到，轮询中...
2018-09-13 20:26:24,509 [vivoX9] INFO  [gby.appium.page.BasePage.findEleBy() Line: 141] - 【userName】识别成功
2018-09-13 20:26:26,795 [vivoX9] INFO  [gby.appium.page.BasePage.findEleBy() Line: 141] - 【password】识别成功
2018-09-13 20:26:28,245 [vivoX9] INFO  [gby.appium.page.BasePage.findEleBy() Line: 141] - 【loginButton】识别成功
2018-09-13 20:26:28,386 [vivoX9] INFO  [gby.appium.page.BasePage.findEleBy() Line: 143] - 【phoneNumber】暂未找到，轮询中...
2018-09-13 20:26:29,063 [vivoX9] INFO  [gby.appium.page.BasePage.findEleBy() Line: 143] - 【phoneNumber】暂未找到，轮询中...
2018-09-13 20:26:30,103 [vivoX9] INFO  [gby.appium.page.BasePage.findEleBy() Line: 141] - 【phoneNumber】识别成功
2018-09-13 20:26:30,105 [vivoX9] INFO  [gby.appium.utils.AssertUtils.checkElementNotNull() Line: 157] - 【检查点检查成功】  [实际]：phoneNumber Not NULL　[预期]：预期 Not NULL
2018-09-13 20:26:30,151 [vivoX9] INFO  [gby.appium.page.BasePage.findEleBy() Line: 141] - 【phoneNumber】识别成功
2018-09-13 20:26:30,226 [vivoX9] INFO  [gby.appium.page.BasePage.findEleBy() Line: 141] - 【phoneNumber】识别成功
2018-09-13 20:26:30,250 [vivoX9] INFO  [gby.appium.utils.AssertUtils.checkMethodSucess() Line: 171] - 【检查点检查成功】  [实际]：phoneNumber的值为：155 7599 3304　[预期]：预期的值为：15575993304
2018-09-13 20:26:30,252 [vivoX9] INFO  [gby.appium.listern.TestngRetry.retry() Line: 21] - 测试类：'gby.appium.listern.TestngRetry' 中的测试方法：'login' 执行失败，重试第 1 次
2018-09-13 20:26:30,261 [vivoX9] ERROR [gby.appium.listern.TestNGListener.onTestSkipped() Line: 59] - 【login】测试用例被跳过
2018-09-13 20:26:31,267 [vivoX9] INFO  [gby.appium.page.BasePage.findElesBy() Line: 174] - 【homePageButton】识别成功
2018-09-13 20:26:31,271 [vivoX9] INFO  [gby.appium.page.BasePage.backToHome() Line: 267] - 正在返回首页...
2018-09-13 20:26:31,273 [vivoX9] INFO  [gby.appium.page.BasePage.backToHome() Line: 269] - 已返回首页
2018-09-13 20:26:31,278 [vivoX9] INFO  [gby.appium.listern.TestNGListener.onTestStart() Line: 34] - 【login】测试用例开始执行
2018-09-13 20:26:31,327 [vivoX9] INFO  [gby.appium.page.BasePage.findEleBy() Line: 141] - 【mineButton】识别成功
2018-09-13 20:26:31,894 [vivoX9] INFO  [gby.appium.page.BasePage.findEleBy() Line: 141] - 【loginButton】识别成功
2018-09-13 20:26:32,114 [vivoX9] INFO  [gby.appium.page.BasePage.findEleBy() Line: 143] - 【userName】暂未找到，轮询中...
2018-09-13 20:26:32,979 [vivoX9] INFO  [gby.appium.page.BasePage.findEleBy() Line: 143] - 【userName】暂未找到，轮询中...
2018-09-13 20:26:33,524 [vivoX9] INFO  [gby.appium.page.BasePage.findEleBy() Line: 143] - 【userName】暂未找到，轮询中...
2018-09-13 20:26:34,229 [vivoX9] INFO  [gby.appium.page.BasePage.findEleBy() Line: 143] - 【userName】暂未找到，轮询中...
2018-09-13 20:26:34,778 [vivoX9] INFO  [gby.appium.page.BasePage.findEleBy() Line: 143] - 【userName】暂未找到，轮询中...
2018-09-13 20:26:35,343 [vivoX9] INFO  [gby.appium.page.BasePage.findEleBy() Line: 143] - 【userName】暂未找到，轮询中...
2018-09-13 20:26:35,891 [vivoX9] INFO  [gby.appium.page.BasePage.findEleBy() Line: 143] - 【userName】暂未找到，轮询中...
2018-09-13 20:26:36,438 [vivoX9] INFO  [gby.appium.page.BasePage.findEleBy() Line: 143] - 【userName】暂未找到，轮询中...
2018-09-13 20:26:37,216 [vivoX9] INFO  [gby.appium.page.BasePage.findEleBy() Line: 143] - 【userName】暂未找到，轮询中...
2018-09-13 20:26:37,963 [vivoX9] INFO  [gby.appium.page.BasePage.findEleBy() Line: 143] - 【userName】暂未找到，轮询中...
2018-09-13 20:26:38,497 [vivoX9] INFO  [gby.appium.page.BasePage.findEleBy() Line: 143] - 【userName】暂未找到，轮询中...
2018-09-13 20:26:39,108 [vivoX9] INFO  [gby.appium.page.BasePage.findEleBy() Line: 143] - 【userName】暂未找到，轮询中...
2018-09-13 20:26:40,234 [vivoX9] INFO  [gby.appium.page.BasePage.findEleBy() Line: 143] - 【userName】暂未找到，轮询中...
2018-09-13 20:26:40,807 [vivoX9] INFO  [gby.appium.page.BasePage.findEleBy() Line: 143] - 【userName】暂未找到，轮询中...
2018-09-13 20:26:41,413 [vivoX9] INFO  [gby.appium.page.BasePage.findEleBy() Line: 143] - 【userName】暂未找到，轮询中...
2018-09-13 20:26:42,170 [vivoX9] INFO  [gby.appium.page.BasePage.findEleBy() Line: 143] - 【userName】暂未找到，轮询中...
2018-09-13 20:26:43,264 [vivoX9] INFO  [gby.appium.page.BasePage.findEleBy() Line: 143] - 【userName】暂未找到，轮询中...
2018-09-13 20:26:43,840 [vivoX9] INFO  [gby.appium.page.BasePage.findEleBy() Line: 143] - 【userName】暂未找到，轮询中...
2018-09-13 20:26:44,421 [vivoX9] INFO  [gby.appium.page.BasePage.findEleBy() Line: 143] - 【userName】暂未找到，轮询中...
2018-09-13 20:26:44,968 [vivoX9] INFO  [gby.appium.page.BasePage.findEleBy() Line: 143] - 【userName】暂未找到，轮询中...
2018-09-13 20:26:45,549 [vivoX9] INFO  [gby.appium.page.BasePage.findEleBy() Line: 143] - 【userName】暂未找到，轮询中...
2018-09-13 20:31:44,970 [vivoX9] DEBUG [gby.testng.testcase.InitDriverCase.f() Line: 38] - deviceName: vivoX9
2018-09-13 20:31:45,128 [vivoX9] DEBUG [gby.appium.utils.CommandPromptUtil.getBufferedReader() Line: 84] - 执行命令：[cmd, /c, adb connect 192.168.20.159:5555]
2018-09-13 20:31:45,271 [vivoX9] DEBUG [gby.appium.utils.CommandPromptUtil.runCommandThruProcess() Line: 41] - 命令结果：already connected to 192.168.20.159:5555
2018-09-13 20:33:48,133 [vivoX9] DEBUG [gby.testng.testcase.InitDriverCase.f() Line: 38] - deviceName: vivoX9
2018-09-13 20:33:48,319 [vivoX9] DEBUG [gby.appium.utils.CommandPromptUtil.getBufferedReader() Line: 84] - 执行命令：[cmd, /c, adb connect 192.168.20.159:5555]
2018-09-13 20:33:48,470 [vivoX9] DEBUG [gby.appium.utils.CommandPromptUtil.runCommandThruProcess() Line: 41] - 命令结果：already connected to 192.168.20.159:5555
2018-09-13 20:34:22,341 [vivoX9] INFO  [gby.appium.deviceM.InitDriver.<init>() Line: 82] - AndroidDriver初始化完成，打开app成功
2018-09-13 20:34:22,350 [vivoX9] INFO  [gby.appium.listern.TestNGListener.onTestSuccess() Line: 41] - 【f】测试用例执行成功
2018-09-13 20:34:22,354 [vivoX9] INFO  [gby.appium.listern.TestNGListener.onTestStart() Line: 34] - 【login】测试用例开始执行
2018-09-13 20:34:38,177 [vivoX9] INFO  [gby.appium.page.BasePage.findEleBy() Line: 141] - 【mineButton】识别成功
2018-09-13 20:34:49,821 [vivoX9] INFO  [gby.appium.page.BasePage.findEleBy() Line: 141] - 【loginButton】识别成功
2018-09-13 20:34:51,196 [vivoX9] INFO  [gby.appium.page.BasePage.findEleBy() Line: 141] - 【userName】识别成功
2018-09-13 20:34:52,946 [vivoX9] INFO  [gby.appium.page.BasePage.findEleBy() Line: 141] - 【password】识别成功
2018-09-13 20:34:54,218 [vivoX9] INFO  [gby.appium.page.BasePage.findEleBy() Line: 141] - 【loginButton】识别成功
2018-09-13 20:34:55,434 [vivoX9] INFO  [gby.appium.page.BasePage.findEleBy() Line: 143] - 【phoneNumber】暂未找到，轮询中...
2018-09-13 20:34:56,280 [vivoX9] INFO  [gby.appium.page.BasePage.findEleBy() Line: 141] - 【phoneNumber】识别成功
2018-09-13 20:34:56,300 [vivoX9] INFO  [gby.appium.utils.AssertUtils.checkElementNotNull() Line: 157] - 【检查点检查成功】  [实际]：phoneNumber Not NULL　[预期]：预期 Not NULL
2018-09-13 20:34:56,490 [vivoX9] INFO  [gby.appium.page.BasePage.findEleBy() Line: 141] - 【phoneNumber】识别成功
2018-09-13 20:34:56,840 [vivoX9] INFO  [gby.appium.page.BasePage.findEleBy() Line: 141] - 【phoneNumber】识别成功
2018-09-13 20:34:57,002 [vivoX9] INFO  [gby.appium.utils.AssertUtils.checkMethodSucess() Line: 171] - 【检查点检查成功】  [实际]：phoneNumber的值为：155 7599 3304　[预期]：预期的值为：15575993304
2018-09-13 20:35:15,507 [vivoX9] INFO  [gby.appium.listern.TestngRetry.retry() Line: 21] - 测试类：'gby.appium.listern.TestngRetry' 中的测试方法：'login' 执行失败，重试第 1 次
2018-09-13 20:35:15,670 [vivoX9] ERROR [gby.appium.listern.TestNGListener.onTestSkipped() Line: 59] - 【login】测试用例被跳过
2018-09-13 20:35:17,181 [vivoX9] INFO  [gby.appium.page.BasePage.findElesBy() Line: 174] - 【homePageButton】识别成功
2018-09-13 20:35:17,200 [vivoX9] INFO  [gby.appium.page.BasePage.backToHome() Line: 267] - 正在返回首页...
2018-09-13 20:35:17,247 [vivoX9] INFO  [gby.appium.page.BasePage.backToHome() Line: 269] - 已返回首页
2018-09-13 20:35:23,319 [vivoX9] INFO  [gby.appium.listern.TestNGListener.onTestStart() Line: 34] - 【login】测试用例开始执行
2018-09-13 20:39:14,501 [vivoX9] DEBUG [gby.testng.testcase.InitDriverCase.f() Line: 38] - deviceName: vivoX9
2018-09-13 20:39:14,668 [vivoX9] DEBUG [gby.appium.utils.CommandPromptUtil.getBufferedReader() Line: 84] - 执行命令：[cmd, /c, adb connect 192.168.20.159:5555]
2018-09-13 20:39:14,879 [vivoX9] DEBUG [gby.appium.utils.CommandPromptUtil.runCommandThruProcess() Line: 41] - 命令结果：already connected to 192.168.20.159:5555
2018-09-13 20:39:48,751 [vivoX9] INFO  [gby.appium.deviceM.InitDriver.<init>() Line: 82] - AndroidDriver初始化完成，打开app成功
2018-09-13 20:39:48,756 [vivoX9] INFO  [gby.appium.listern.TestNGListener.onTestSuccess() Line: 41] - 【f】测试用例执行成功
2018-09-13 20:39:48,763 [vivoX9] INFO  [gby.appium.listern.TestNGListener.onTestStart() Line: 34] - 【login】测试用例开始执行
2018-09-13 20:39:49,044 [vivoX9] INFO  [gby.appium.page.BasePage.findEleBy() Line: 143] - 【mineButton】暂未找到，轮询中...
2018-09-13 20:39:50,214 [vivoX9] INFO  [gby.appium.page.BasePage.findEleBy() Line: 143] - 【mineButton】暂未找到，轮询中...
2018-09-13 20:39:50,902 [vivoX9] INFO  [gby.appium.page.BasePage.findEleBy() Line: 143] - 【mineButton】暂未找到，轮询中...
2018-09-13 20:39:52,399 [vivoX9] INFO  [gby.appium.page.BasePage.findEleBy() Line: 141] - 【mineButton】识别成功
2018-09-13 20:39:53,245 [vivoX9] INFO  [gby.appium.page.BasePage.findEleBy() Line: 141] - 【loginButton】识别成功
2018-09-13 20:39:53,483 [vivoX9] INFO  [gby.appium.page.BasePage.findEleBy() Line: 143] - 【userName】暂未找到，轮询中...
2018-09-13 20:39:54,444 [vivoX9] INFO  [gby.appium.page.BasePage.findEleBy() Line: 141] - 【userName】识别成功
2018-09-13 20:39:56,116 [vivoX9] INFO  [gby.appium.page.BasePage.findEleBy() Line: 141] - 【password】识别成功
2018-09-13 20:39:57,249 [vivoX9] INFO  [gby.appium.page.BasePage.findEleBy() Line: 141] - 【loginButton】识别成功
2018-09-13 20:39:58,058 [vivoX9] INFO  [gby.appium.page.BasePage.findEleBy() Line: 143] - 【phoneNumber】暂未找到，轮询中...
2018-09-13 20:39:59,228 [vivoX9] INFO  [gby.appium.page.BasePage.findEleBy() Line: 141] - 【phoneNumber】识别成功
2018-09-13 20:39:59,229 [vivoX9] INFO  [gby.appium.utils.AssertUtils.checkElementNotNull() Line: 157] - 【检查点检查成功】  [实际]：phoneNumber Not NULL　[预期]：预期 Not NULL
2018-09-13 20:39:59,268 [vivoX9] INFO  [gby.appium.page.BasePage.findEleBy() Line: 141] - 【phoneNumber】识别成功
2018-09-13 20:39:59,340 [vivoX9] INFO  [gby.appium.page.BasePage.findEleBy() Line: 141] - 【phoneNumber】识别成功
2018-09-13 20:39:59,367 [vivoX9] INFO  [gby.appium.utils.AssertUtils.checkMethodSucess() Line: 171] - 【检查点检查失败】  [实际]：phoneNumber的值为：155 7599 3304　[预期]：预期的值为：15575993304
2018-09-13 20:39:59,369 [vivoX9] INFO  [gby.appium.listern.TestngRetry.retry() Line: 21] - 测试类：'gby.appium.listern.TestngRetry' 中的测试方法：'login' 执行失败，重试第 1 次
2018-09-13 20:39:59,374 [vivoX9] ERROR [gby.appium.listern.TestNGListener.onTestSkipped() Line: 59] - 【login】测试用例被跳过
2018-09-13 20:40:00,065 [vivoX9] INFO  [gby.appium.page.BasePage.findElesBy() Line: 174] - 【homePageButton】识别成功
2018-09-13 20:40:00,066 [vivoX9] INFO  [gby.appium.page.BasePage.backToHome() Line: 267] - 正在返回首页...
2018-09-13 20:40:00,068 [vivoX9] INFO  [gby.appium.page.BasePage.backToHome() Line: 269] - 已返回首页
2018-09-13 20:40:00,072 [vivoX9] INFO  [gby.appium.listern.TestNGListener.onTestStart() Line: 34] - 【login】测试用例开始执行
2018-09-13 20:40:00,111 [vivoX9] INFO  [gby.appium.page.BasePage.findEleBy() Line: 141] - 【mineButton】识别成功
2018-09-13 20:40:00,674 [vivoX9] INFO  [gby.appium.page.BasePage.findEleBy() Line: 141] - 【loginButton】识别成功
2018-09-13 20:40:02,231 [vivoX9] INFO  [gby.appium.page.BasePage.findEleBy() Line: 143] - 【userName】暂未找到，轮询中...
2018-09-13 20:40:02,839 [vivoX9] INFO  [gby.appium.page.BasePage.findEleBy() Line: 143] - 【userName】暂未找到，轮询中...
2018-09-13 20:40:03,389 [vivoX9] INFO  [gby.appium.page.BasePage.findEleBy() Line: 143] - 【userName】暂未找到，轮询中...
2018-09-13 20:40:03,937 [vivoX9] INFO  [gby.appium.page.BasePage.findEleBy() Line: 143] - 【userName】暂未找到，轮询中...
2018-09-13 20:40:04,480 [vivoX9] INFO  [gby.appium.page.BasePage.findEleBy() Line: 143] - 【userName】暂未找到，轮询中...
2018-09-13 20:40:05,205 [vivoX9] INFO  [gby.appium.page.BasePage.findEleBy() Line: 143] - 【userName】暂未找到，轮询中...
2018-09-13 20:40:06,228 [vivoX9] INFO  [gby.appium.page.BasePage.findEleBy() Line: 143] - 【userName】暂未找到，轮询中...
2018-09-13 20:40:06,777 [vivoX9] INFO  [gby.appium.page.BasePage.findEleBy() Line: 143] - 【userName】暂未找到，轮询中...
2018-09-13 20:40:07,435 [vivoX9] INFO  [gby.appium.page.BasePage.findEleBy() Line: 143] - 【userName】暂未找到，轮询中...
2018-09-13 20:40:08,225 [vivoX9] INFO  [gby.appium.page.BasePage.findEleBy() Line: 143] - 【userName】暂未找到，轮询中...
2018-09-13 20:40:45,488 [vivoX9] DEBUG [gby.testng.testcase.InitDriverCase.f() Line: 38] - deviceName: vivoX9
2018-09-13 20:40:45,668 [vivoX9] DEBUG [gby.appium.utils.CommandPromptUtil.getBufferedReader() Line: 84] - 执行命令：[cmd, /c, adb connect 192.168.20.159:5555]
2018-09-13 20:40:45,855 [vivoX9] DEBUG [gby.appium.utils.CommandPromptUtil.runCommandThruProcess() Line: 41] - 命令结果：already connected to 192.168.20.159:5555
2018-09-13 20:41:19,564 [vivoX9] INFO  [gby.appium.deviceM.InitDriver.<init>() Line: 82] - AndroidDriver初始化完成，打开app成功
2018-09-13 20:41:19,568 [vivoX9] INFO  [gby.appium.listern.TestNGListener.onTestSuccess() Line: 41] - 【f】测试用例执行成功
2018-09-13 20:41:19,572 [vivoX9] INFO  [gby.appium.listern.TestNGListener.onTestStart() Line: 34] - 【login】测试用例开始执行
2018-09-13 20:41:20,350 [vivoX9] INFO  [gby.appium.page.BasePage.findEleBy() Line: 143] - 【mineButton】暂未找到，轮询中...
2018-09-13 20:41:20,912 [vivoX9] INFO  [gby.appium.page.BasePage.findEleBy() Line: 143] - 【mineButton】暂未找到，轮询中...
2018-09-13 20:41:21,472 [vivoX9] INFO  [gby.appium.page.BasePage.findEleBy() Line: 143] - 【mineButton】暂未找到，轮询中...
2018-09-13 20:41:22,645 [vivoX9] INFO  [gby.appium.page.BasePage.findEleBy() Line: 141] - 【mineButton】识别成功
2018-09-13 20:41:24,005 [vivoX9] INFO  [gby.appium.page.BasePage.findEleBy() Line: 141] - 【loginButton】识别成功
2018-09-13 20:41:24,254 [vivoX9] INFO  [gby.appium.page.BasePage.findEleBy() Line: 143] - 【userName】暂未找到，轮询中...
2018-09-13 20:41:25,217 [vivoX9] INFO  [gby.appium.page.BasePage.findEleBy() Line: 141] - 【userName】识别成功
2018-09-13 20:41:26,891 [vivoX9] INFO  [gby.appium.page.BasePage.findEleBy() Line: 141] - 【password】识别成功
2018-09-13 20:41:28,017 [vivoX9] INFO  [gby.appium.page.BasePage.findEleBy() Line: 141] - 【loginButton】识别成功
2018-09-13 20:41:30,140 [vivoX9] INFO  [gby.appium.page.BasePage.findEleBy() Line: 141] - 【phoneNumber】识别成功
2018-09-13 20:41:30,141 [vivoX9] INFO  [gby.appium.utils.AssertUtils.checkElementNotNull() Line: 157] - 【检查点检查成功】  [实际]：phoneNumber Not NULL　[预期]：预期 Not NULL
2018-09-13 20:41:30,186 [vivoX9] INFO  [gby.appium.page.BasePage.findEleBy() Line: 141] - 【phoneNumber】识别成功
2018-09-13 20:41:30,276 [vivoX9] INFO  [gby.appium.page.BasePage.findEleBy() Line: 141] - 【phoneNumber】识别成功
2018-09-13 20:41:30,304 [vivoX9] INFO  [gby.appium.utils.AssertUtils.checkMethodSucess() Line: 171] - 【检查点检查失败】  [实际]：phoneNumber的值为：155 7599 3304　[预期]：预期的值为：15575993304
2018-09-13 20:41:30,306 [vivoX9] INFO  [gby.appium.listern.TestngRetry.retry() Line: 21] - 测试类：'gby.appium.listern.TestngRetry' 中的测试方法：'login' 执行失败，重试第 1 次
2018-09-13 20:41:30,309 [vivoX9] ERROR [gby.appium.listern.TestNGListener.onTestSkipped() Line: 59] - 【login】测试用例被跳过
2018-09-13 20:41:30,980 [vivoX9] INFO  [gby.appium.page.BasePage.findElesBy() Line: 174] - 【homePageButton】识别成功
2018-09-13 20:41:30,981 [vivoX9] INFO  [gby.appium.page.BasePage.backToHome() Line: 267] - 正在返回首页...
2018-09-13 20:41:30,983 [vivoX9] INFO  [gby.appium.page.BasePage.backToHome() Line: 269] - 已返回首页
2018-09-13 20:41:30,986 [vivoX9] INFO  [gby.appium.listern.TestNGListener.onTestStart() Line: 34] - 【login】测试用例开始执行
2018-09-13 20:41:31,032 [vivoX9] INFO  [gby.appium.page.BasePage.findEleBy() Line: 141] - 【mineButton】识别成功
2018-09-13 20:41:31,605 [vivoX9] INFO  [gby.appium.page.BasePage.findEleBy() Line: 141] - 【loginButton】识别成功
2018-09-13 20:41:31,874 [vivoX9] INFO  [gby.appium.page.BasePage.findEleBy() Line: 143] - 【userName】暂未找到，轮询中...
2018-09-13 20:41:32,399 [vivoX9] INFO  [gby.appium.page.BasePage.findEleBy() Line: 143] - 【userName】暂未找到，轮询中...
2018-09-13 20:41:32,921 [vivoX9] INFO  [gby.appium.page.BasePage.findEleBy() Line: 143] - 【userName】暂未找到，轮询中...
2018-09-13 20:41:33,443 [vivoX9] INFO  [gby.appium.page.BasePage.findEleBy() Line: 143] - 【userName】暂未找到，轮询中...
2018-09-13 20:41:33,968 [vivoX9] INFO  [gby.appium.page.BasePage.findEleBy() Line: 143] - 【userName】暂未找到，轮询中...
2018-09-13 20:41:34,507 [vivoX9] INFO  [gby.appium.page.BasePage.findEleBy() Line: 143] - 【userName】暂未找到，轮询中...
2018-09-13 20:41:35,028 [vivoX9] INFO  [gby.appium.page.BasePage.findEleBy() Line: 143] - 【userName】暂未找到，轮询中...
2018-09-13 20:41:35,549 [vivoX9] INFO  [gby.appium.page.BasePage.findEleBy() Line: 143] - 【userName】暂未找到，轮询中...
2018-09-13 20:41:36,071 [vivoX9] INFO  [gby.appium.page.BasePage.findEleBy() Line: 143] - 【userName】暂未找到，轮询中...
2018-09-13 20:41:36,813 [vivoX9] INFO  [gby.appium.page.BasePage.findEleBy() Line: 143] - 【userName】暂未找到，轮询中...
2018-09-13 20:41:37,372 [vivoX9] INFO  [gby.appium.page.BasePage.findEleBy() Line: 143] - 【userName】暂未找到，轮询中...
2018-09-13 20:48:17,800 [vivoX9] DEBUG [gby.testng.testcase.InitDriverCase.f() Line: 38] - deviceName: vivoX9
2018-09-13 20:48:17,975 [vivoX9] DEBUG [gby.appium.utils.CommandPromptUtil.getBufferedReader() Line: 84] - 执行命令：[cmd, /c, adb connect 192.168.20.159:5555]
2018-09-13 20:48:18,221 [vivoX9] DEBUG [gby.appium.utils.CommandPromptUtil.runCommandThruProcess() Line: 41] - 命令结果：already connected to 192.168.20.159:5555
2018-09-13 20:48:51,573 [vivoX9] INFO  [gby.appium.deviceM.InitDriver.<init>() Line: 82] - AndroidDriver初始化完成，打开app成功
2018-09-13 20:48:51,577 [vivoX9] INFO  [gby.appium.listern.TestNGListener.onTestSuccess() Line: 41] - 【f】测试用例执行成功
2018-09-13 20:48:51,584 [vivoX9] INFO  [gby.appium.listern.TestNGListener.onTestStart() Line: 34] - 【login】测试用例开始执行
2018-09-13 20:48:52,009 [vivoX9] INFO  [gby.appium.page.BasePage.findEleBy() Line: 143] - 【mineButton】暂未找到，轮询中...
2018-09-13 20:48:52,554 [vivoX9] INFO  [gby.appium.page.BasePage.findEleBy() Line: 143] - 【mineButton】暂未找到，轮询中...
2018-09-13 20:48:53,094 [vivoX9] INFO  [gby.appium.page.BasePage.findEleBy() Line: 143] - 【mineButton】暂未找到，轮询中...
2018-09-13 20:48:55,078 [vivoX9] INFO  [gby.appium.page.BasePage.findEleBy() Line: 141] - 【mineButton】识别成功
2018-09-13 20:48:55,790 [vivoX9] INFO  [gby.appium.page.BasePage.findEleBy() Line: 141] - 【loginButton】识别成功
2018-09-13 20:48:56,046 [vivoX9] INFO  [gby.appium.page.BasePage.findEleBy() Line: 143] - 【userName】暂未找到，轮询中...
2018-09-13 20:48:57,023 [vivoX9] INFO  [gby.appium.page.BasePage.findEleBy() Line: 141] - 【userName】识别成功
2018-09-13 20:48:58,220 [vivoX9] INFO  [gby.appium.page.BasePage.findEleBy() Line: 141] - 【password】识别成功
2018-09-13 20:48:59,933 [vivoX9] INFO  [gby.appium.page.BasePage.findEleBy() Line: 141] - 【loginButton】识别成功
2018-09-13 20:49:00,764 [vivoX9] INFO  [gby.appium.page.BasePage.findEleBy() Line: 143] - 【phoneNumber】暂未找到，轮询中...
2018-09-13 20:49:01,980 [vivoX9] INFO  [gby.appium.page.BasePage.findEleBy() Line: 141] - 【phoneNumber】识别成功
2018-09-13 20:49:01,981 [vivoX9] INFO  [gby.appium.utils.AssertUtils.checkElementNotNull() Line: 157] - 【检查点检查成功】  [实际]：phoneNumber Not NULL　[预期]：预期 Not NULL
2018-09-13 20:49:02,030 [vivoX9] INFO  [gby.appium.page.BasePage.findEleBy() Line: 141] - 【phoneNumber】识别成功
2018-09-13 20:49:02,093 [vivoX9] INFO  [gby.appium.page.BasePage.findEleBy() Line: 141] - 【phoneNumber】识别成功
2018-09-13 20:49:02,117 [vivoX9] INFO  [gby.appium.utils.AssertUtils.checkMethodSucess() Line: 171] - 【检查点检查失败】  [实际]：phoneNumber的值为：15575993304　[预期]：预期的值为：15575993304
2018-09-13 20:49:02,119 [vivoX9] INFO  [gby.appium.listern.TestngRetry.retry() Line: 21] - 测试类：'gby.appium.listern.TestngRetry' 中的测试方法：'login' 执行失败，重试第 1 次
2018-09-13 20:49:02,121 [vivoX9] ERROR [gby.appium.listern.TestNGListener.onTestSkipped() Line: 59] - 【login】测试用例被跳过
2018-09-13 20:49:02,938 [vivoX9] INFO  [gby.appium.page.BasePage.findElesBy() Line: 174] - 【homePageButton】识别成功
2018-09-13 20:49:02,939 [vivoX9] INFO  [gby.appium.page.BasePage.backToHome() Line: 267] - 正在返回首页...
2018-09-13 20:49:02,941 [vivoX9] INFO  [gby.appium.page.BasePage.backToHome() Line: 269] - 已返回首页
2018-09-13 20:49:02,947 [vivoX9] INFO  [gby.appium.listern.TestNGListener.onTestStart() Line: 34] - 【login】测试用例开始执行
2018-09-13 20:49:02,989 [vivoX9] INFO  [gby.appium.page.BasePage.findEleBy() Line: 141] - 【mineButton】识别成功
2018-09-13 20:49:03,565 [vivoX9] INFO  [gby.appium.page.BasePage.findEleBy() Line: 141] - 【loginButton】识别成功
2018-09-13 20:49:03,830 [vivoX9] INFO  [gby.appium.page.BasePage.findEleBy() Line: 143] - 【userName】暂未找到，轮询中...
2018-09-13 20:49:04,792 [vivoX9] INFO  [gby.appium.page.BasePage.findEleBy() Line: 143] - 【userName】暂未找到，轮询中...
2018-09-13 20:49:05,814 [vivoX9] INFO  [gby.appium.page.BasePage.findEleBy() Line: 143] - 【userName】暂未找到，轮询中...
2018-09-13 20:49:06,358 [vivoX9] INFO  [gby.appium.page.BasePage.findEleBy() Line: 143] - 【userName】暂未找到，轮询中...
2018-09-13 20:49:06,904 [vivoX9] INFO  [gby.appium.page.BasePage.findEleBy() Line: 143] - 【userName】暂未找到，轮询中...
2018-09-13 20:49:07,449 [vivoX9] INFO  [gby.appium.page.BasePage.findEleBy() Line: 143] - 【userName】暂未找到，轮询中...
2018-09-13 20:49:07,993 [vivoX9] INFO  [gby.appium.page.BasePage.findEleBy() Line: 143] - 【userName】暂未找到，轮询中...
2018-09-13 20:49:08,926 [vivoX9] INFO  [gby.appium.page.BasePage.findEleBy() Line: 143] - 【userName】暂未找到，轮询中...
2018-09-13 20:49:09,471 [vivoX9] INFO  [gby.appium.page.BasePage.findEleBy() Line: 143] - 【userName】暂未找到，轮询中...
2018-09-13 20:49:10,142 [vivoX9] INFO  [gby.appium.page.BasePage.findEleBy() Line: 143] - 【userName】暂未找到，轮询中...
2018-09-13 20:49:10,687 [vivoX9] INFO  [gby.appium.page.BasePage.findEleBy() Line: 143] - 【userName】暂未找到，轮询中...
2018-09-13 20:49:11,236 [vivoX9] INFO  [gby.appium.page.BasePage.findEleBy() Line: 143] - 【userName】暂未找到，轮询中...
2018-09-13 20:49:11,809 [vivoX9] INFO  [gby.appium.page.BasePage.findEleBy() Line: 143] - 【userName】暂未找到，轮询中...
2018-09-13 20:49:12,356 [vivoX9] INFO  [gby.appium.page.BasePage.findEleBy() Line: 143] - 【userName】暂未找到，轮询中...
2018-09-13 20:49:13,096 [vivoX9] INFO  [gby.appium.page.BasePage.findEleBy() Line: 143] - 【userName】暂未找到，轮询中...
2018-09-13 20:49:13,678 [vivoX9] INFO  [gby.appium.page.BasePage.findEleBy() Line: 143] - 【userName】暂未找到，轮询中...
2018-09-13 20:49:14,275 [vivoX9] INFO  [gby.appium.page.BasePage.findEleBy() Line: 143] - 【userName】暂未找到，轮询中...
2018-09-13 20:49:14,975 [vivoX9] INFO  [gby.appium.page.BasePage.findEleBy() Line: 143] - 【userName】暂未找到，轮询中...
2018-09-13 20:49:15,532 [vivoX9] INFO  [gby.appium.page.BasePage.findEleBy() Line: 143] - 【userName】暂未找到，轮询中...
2018-09-13 20:49:16,118 [vivoX9] INFO  [gby.appium.page.BasePage.findEleBy() Line: 143] - 【userName】暂未找到，轮询中...
2018-09-13 20:49:16,847 [vivoX9] INFO  [gby.appium.page.BasePage.findEleBy() Line: 143] - 【userName】暂未找到，轮询中...
2018-09-13 20:49:17,960 [vivoX9] INFO  [gby.appium.page.BasePage.findEleBy() Line: 143] - 【userName】暂未找到，轮询中...
2018-09-13 20:49:18,737 [vivoX9] INFO  [gby.appium.page.BasePage.findEleBy() Line: 143] - 【userName】暂未找到，轮询中...
2018-09-13 20:49:18,738 [vivoX9] ERROR [gby.appium.page.BasePage.findElement() Line: 93] - 【userName】识别失败：识别超时
2018-09-13 20:49:18,740 [vivoX9] ERROR [gby.appium.listern.TestNGListener.onTestFailure() Line: 49] - 【login】测试用例执行失败
2018-09-13 20:49:19,548 [vivoX9] INFO  [gby.appium.page.BasePage.findElesBy() Line: 176] - 【homePageButton】未找到，识别失败,元素list长度为0
2018-09-13 20:49:19,549 [vivoX9] INFO  [gby.appium.page.BasePage.backToHome() Line: 267] - 正在返回首页...
2018-09-13 20:49:21,545 [vivoX9] INFO  [gby.appium.page.BasePage.findElesBy() Line: 174] - 【homePageButton】识别成功
2018-09-13 20:49:21,546 [vivoX9] INFO  [gby.appium.page.BasePage.backToHome() Line: 267] - 正在返回首页...
2018-09-13 20:49:21,546 [vivoX9] INFO  [gby.appium.page.BasePage.backToHome() Line: 269] - 已返回首页
2018-09-13 20:49:21,554 [vivoX9] INFO  [gby.appium.listern.TestNGListener.onTestStart() Line: 34] - 【searchHouse】测试用例开始执行
2018-09-13 20:49:21,612 [vivoX9] INFO  [gby.appium.page.BasePage.findEleBy() Line: 143] - 【areaSelector】暂未找到，轮询中...
2018-09-13 20:49:22,176 [vivoX9] INFO  [gby.appium.page.BasePage.findEleBy() Line: 143] - 【areaSelector】暂未找到，轮询中...
2018-09-13 20:49:22,755 [vivoX9] INFO  [gby.appium.page.BasePage.findEleBy() Line: 143] - 【areaSelector】暂未找到，轮询中...
2018-09-13 20:49:23,334 [vivoX9] INFO  [gby.appium.page.BasePage.findEleBy() Line: 143] - 【areaSelector】暂未找到，轮询中...
2018-09-13 20:49:23,966 [vivoX9] INFO  [gby.appium.page.BasePage.findEleBy() Line: 143] - 【areaSelector】暂未找到，轮询中...
2018-09-13 20:49:24,538 [vivoX9] INFO  [gby.appium.page.BasePage.findEleBy() Line: 143] - 【areaSelector】暂未找到，轮询中...
2018-09-13 20:49:25,215 [vivoX9] INFO  [gby.appium.page.BasePage.findEleBy() Line: 143] - 【areaSelector】暂未找到，轮询中...
2018-09-13 20:49:25,772 [vivoX9] INFO  [gby.appium.page.BasePage.findEleBy() Line: 143] - 【areaSelector】暂未找到，轮询中...
2018-09-13 20:49:26,331 [vivoX9] INFO  [gby.appium.page.BasePage.findEleBy() Line: 143] - 【areaSelector】暂未找到，轮询中...
2018-09-13 20:49:27,094 [vivoX9] INFO  [gby.appium.page.BasePage.findEleBy() Line: 143] - 【areaSelector】暂未找到，轮询中...
2018-09-13 20:49:27,673 [vivoX9] INFO  [gby.appium.page.BasePage.findEleBy() Line: 143] - 【areaSelector】暂未找到，轮询中...
2018-09-13 20:49:28,251 [vivoX9] INFO  [gby.appium.page.BasePage.findEleBy() Line: 143] - 【areaSelector】暂未找到，轮询中...
2018-09-13 20:49:28,838 [vivoX9] INFO  [gby.appium.page.BasePage.findEleBy() Line: 143] - 【areaSelector】暂未找到，轮询中...
2018-09-13 20:49:29,988 [vivoX9] INFO  [gby.appium.page.BasePage.findEleBy() Line: 143] - 【areaSelector】暂未找到，轮询中...
2018-09-13 20:49:30,578 [vivoX9] INFO  [gby.appium.page.BasePage.findEleBy() Line: 143] - 【areaSelector】暂未找到，轮询中...
2018-09-13 20:49:31,175 [vivoX9] INFO  [gby.appium.page.BasePage.findEleBy() Line: 143] - 【areaSelector】暂未找到，轮询中...
2018-09-13 20:49:31,732 [vivoX9] INFO  [gby.appium.page.BasePage.findEleBy() Line: 143] - 【areaSelector】暂未找到，轮询中...
2018-09-13 20:49:32,289 [vivoX9] INFO  [gby.appium.page.BasePage.findEleBy() Line: 143] - 【areaSelector】暂未找到，轮询中...
2018-09-13 20:49:32,976 [vivoX9] INFO  [gby.appium.page.BasePage.findEleBy() Line: 143] - 【areaSelector】暂未找到，轮询中...
2018-09-13 20:49:33,548 [vivoX9] INFO  [gby.appium.page.BasePage.findEleBy() Line: 143] - 【areaSelector】暂未找到，轮询中...
2018-09-13 20:49:34,139 [vivoX9] INFO  [gby.appium.page.BasePage.findEleBy() Line: 143] - 【areaSelector】暂未找到，轮询中...
2018-09-13 20:49:34,732 [vivoX9] INFO  [gby.appium.page.BasePage.findEleBy() Line: 143] - 【areaSelector】暂未找到，轮询中...
2018-09-13 20:49:35,351 [vivoX9] INFO  [gby.appium.page.BasePage.findEleBy() Line: 143] - 【areaSelector】暂未找到，轮询中...
2018-09-13 20:49:35,990 [vivoX9] INFO  [gby.appium.page.BasePage.findEleBy() Line: 143] - 【areaSelector】暂未找到，轮询中...
2018-09-13 20:49:36,559 [vivoX9] INFO  [gby.appium.page.BasePage.findEleBy() Line: 143] - 【areaSelector】暂未找到，轮询中...
2018-09-13 20:49:36,560 [vivoX9] ERROR [gby.appium.page.BasePage.findElement() Line: 93] - 【areaSelector】识别失败：识别超时
2018-09-13 20:49:36,561 [vivoX9] INFO  [gby.appium.listern.TestngRetry.retry() Line: 21] - 测试类：'gby.appium.listern.TestngRetry' 中的测试方法：'searchHouse' 执行失败，重试第 1 次
2018-09-13 20:49:36,566 [vivoX9] ERROR [gby.appium.listern.TestNGListener.onTestSkipped() Line: 59] - 【searchHouse】测试用例被跳过
2018-09-13 20:49:37,279 [vivoX9] INFO  [gby.appium.page.BasePage.findElesBy() Line: 174] - 【homePageButton】识别成功
2018-09-13 20:49:37,279 [vivoX9] INFO  [gby.appium.page.BasePage.backToHome() Line: 267] - 正在返回首页...
2018-09-13 20:49:37,280 [vivoX9] INFO  [gby.appium.page.BasePage.backToHome() Line: 269] - 已返回首页
2018-09-13 20:49:37,284 [vivoX9] INFO  [gby.appium.listern.TestNGListener.onTestStart() Line: 34] - 【searchHouse】测试用例开始执行
2018-09-13 20:49:37,368 [vivoX9] INFO  [gby.appium.page.BasePage.findEleBy() Line: 143] - 【areaSelector】暂未找到，轮询中...
2018-09-13 20:49:38,050 [vivoX9] INFO  [gby.appium.page.BasePage.findEleBy() Line: 143] - 【areaSelector】暂未找到，轮询中...
2018-09-13 20:49:38,973 [vivoX9] INFO  [gby.appium.page.BasePage.findEleBy() Line: 143] - 【areaSelector】暂未找到，轮询中...
2018-09-13 20:49:39,552 [vivoX9] INFO  [gby.appium.page.BasePage.findEleBy() Line: 143] - 【areaSelector】暂未找到，轮询中...
2018-09-13 20:49:40,299 [vivoX9] INFO  [gby.appium.page.BasePage.findEleBy() Line: 143] - 【areaSelector】暂未找到，轮询中...
2018-09-13 20:49:40,998 [vivoX9] INFO  [gby.appium.page.BasePage.findEleBy() Line: 143] - 【areaSelector】暂未找到，轮询中...
2018-09-13 20:49:41,997 [vivoX9] INFO  [gby.appium.page.BasePage.findEleBy() Line: 143] - 【areaSelector】暂未找到，轮询中...
2018-09-13 20:49:42,570 [vivoX9] INFO  [gby.appium.page.BasePage.findEleBy() Line: 143] - 【areaSelector】暂未找到，轮询中...
2018-09-13 20:49:43,143 [vivoX9] INFO  [gby.appium.page.BasePage.findEleBy() Line: 143] - 【areaSelector】暂未找到，轮询中...
2018-09-13 20:49:43,696 [vivoX9] INFO  [gby.appium.page.BasePage.findEleBy() Line: 143] - 【areaSelector】暂未找到，轮询中...
2018-09-13 20:49:44,312 [vivoX9] INFO  [gby.appium.page.BasePage.findEleBy() Line: 143] - 【areaSelector】暂未找到，轮询中...
2018-09-13 20:49:44,990 [vivoX9] INFO  [gby.appium.page.BasePage.findEleBy() Line: 143] - 【areaSelector】暂未找到，轮询中...
2018-09-13 20:49:45,574 [vivoX9] INFO  [gby.appium.page.BasePage.findEleBy() Line: 143] - 【areaSelector】暂未找到，轮询中...
